[2015-05-10 21:37:07,509] [WARN ] [] [] [o.h.s.i.ConfigContext.getLuceneMatchVersion] HSEARCH000075: Configuration setting hibernate.search.lucene_version was not specified, using LUCENE_CURRENT.
[2015-05-10 21:37:08,517] [INFO ] [] [] [c.h.d.a.HibernateListenerRegistration.register] Registering class com.h2.demo.audit.AuditLogListener listener on post-delete events
[2015-05-10 21:37:08,518] [INFO ] [] [] [c.h.d.a.HibernateListenerRegistration.register] Registering class com.h2.demo.audit.AuditLogListener listener on post-insert events
[2015-05-10 21:37:08,519] [INFO ] [] [] [c.h.d.a.HibernateListenerRegistration.register] Registering class com.h2.demo.audit.AuditLogListener listener on pre-update events
[2015-05-10 21:37:10,212] [WARN ] [] [] [c.h.d.d.IdentifiableHashBuilder.hash] DEVELOPER: hashCode is not safe.If you encounter this message you should take the time to carefuly review the equals/hashCode methods for: com.h2.demo.domain.AuditLog You may consider using a business key.
[2015-05-10 21:37:10,268] [DEBUG] [] [] [o.h.e.j.s.SqlStatementLogger.logStatement] 
    /* insert com.h2.demo.domain.AuditLog
        */ insert 
        into
            AUDIT_LOG
            (ID, AUTHOR, EVENT, EVENT_DATE, STRING_ATTRIBUTE_1, STRING_ATTRIBUTE_2, STRING_ATTRIBUTE_3) 
        values
            (null, ?, ?, ?, ?, ?, ?)
[2015-05-10 21:37:10,383] [DEBUG] [] [] [c.h.d.s.AuditLogService.batchInsert] Added 1 AuditLog in database
[2015-05-10 21:37:11,618] [DEBUG] [] [] [o.s.w.f.GenericFilterBean.init] Initializing filter 'localeResolverRequestFilter'
[2015-05-10 21:37:11,624] [DEBUG] [] [] [o.s.w.f.GenericFilterBean.init] Filter 'localeResolverRequestFilter' configured successfully
[2015-05-10 21:38:29,337] [DEBUG] [naocf09bwwjd1fxf56th3fg1y] [anonymousUser] [c.h.d.w.f.LogPhaseListener.beforePhase] RESTORE_VIEW 1
[2015-05-10 21:38:29,517] [DEBUG] [naocf09bwwjd1fxf56th3fg1y] [anonymousUser] [c.h.d.w.f.LogPhaseListener.afterPhase] RESTORE_VIEW 1
[2015-05-10 21:38:29,519] [DEBUG] [naocf09bwwjd1fxf56th3fg1y] [anonymousUser] [c.h.d.w.f.LogPhaseListener.beforePhase] RENDER_RESPONSE 6
[2015-05-10 21:38:32,077] [DEBUG] [naocf09bwwjd1fxf56th3fg1y] [anonymousUser] [c.h.d.w.f.LogPhaseListener.afterPhase] RENDER_RESPONSE 6
[2015-05-10 21:39:35,335] [DEBUG] [naocf09bwwjd1fxf56th3fg1y] [anonymousUser] [c.h.d.w.f.LogPhaseListener.beforePhase] RESTORE_VIEW 1
[2015-05-10 21:39:35,493] [DEBUG] [naocf09bwwjd1fxf56th3fg1y] [anonymousUser] [c.h.d.w.f.LogPhaseListener.afterPhase] RESTORE_VIEW 1
[2015-05-10 21:39:35,494] [DEBUG] [naocf09bwwjd1fxf56th3fg1y] [anonymousUser] [c.h.d.w.f.LogPhaseListener.beforePhase] APPLY_REQUEST_VALUES 2
[2015-05-10 21:39:35,503] [DEBUG] [naocf09bwwjd1fxf56th3fg1y] [anonymousUser] [c.h.d.w.f.LogPhaseListener.afterPhase] APPLY_REQUEST_VALUES 2
[2015-05-10 21:39:35,505] [DEBUG] [naocf09bwwjd1fxf56th3fg1y] [anonymousUser] [c.h.d.w.f.LogPhaseListener.beforePhase] PROCESS_VALIDATIONS 3
[2015-05-10 21:39:35,527] [DEBUG] [naocf09bwwjd1fxf56th3fg1y] [anonymousUser] [c.h.d.w.f.LogPhaseListener.afterPhase] PROCESS_VALIDATIONS 3
[2015-05-10 21:39:35,528] [DEBUG] [naocf09bwwjd1fxf56th3fg1y] [anonymousUser] [c.h.d.w.f.LogPhaseListener.beforePhase] UPDATE_MODEL_VALUES 4
[2015-05-10 21:39:35,535] [DEBUG] [naocf09bwwjd1fxf56th3fg1y] [anonymousUser] [c.h.d.w.f.LogPhaseListener.afterPhase] UPDATE_MODEL_VALUES 4
[2015-05-10 21:39:35,537] [DEBUG] [naocf09bwwjd1fxf56th3fg1y] [anonymousUser] [c.h.d.w.f.LogPhaseListener.beforePhase] INVOKE_APPLICATION 5
[2015-05-10 21:39:35,746] [DEBUG] [naocf09bwwjd1fxf56th3fg1y] [anonymousUser] [c.h.d.w.c.Conversation.pushNextContextIfNeeded] pushed 1 context on stack: Search Book
[2015-05-10 21:39:36,015] [DEBUG] [naocf09bwwjd1fxf56th3fg1y] [anonymousUser] [c.h.d.w.f.LogPhaseListener.afterPhase] INVOKE_APPLICATION 5
[2015-05-10 21:39:36,052] [DEBUG] [naocf09bwwjd1fxf56th3fg1y] [anonymousUser] [c.h.d.w.f.LogPhaseListener.beforePhase] RESTORE_VIEW 1
[2015-05-10 21:39:36,139] [DEBUG] [naocf09bwwjd1fxf56th3fg1y] [anonymousUser] [c.h.d.w.f.LogPhaseListener.afterPhase] RESTORE_VIEW 1
[2015-05-10 21:39:36,140] [DEBUG] [naocf09bwwjd1fxf56th3fg1y] [anonymousUser] [c.h.d.w.f.LogPhaseListener.beforePhase] APPLY_REQUEST_VALUES 2
[2015-05-10 21:39:36,144] [DEBUG] [naocf09bwwjd1fxf56th3fg1y] [anonymousUser] [c.h.d.w.f.LogPhaseListener.afterPhase] APPLY_REQUEST_VALUES 2
[2015-05-10 21:39:36,146] [DEBUG] [naocf09bwwjd1fxf56th3fg1y] [anonymousUser] [c.h.d.w.f.LogPhaseListener.beforePhase] PROCESS_VALIDATIONS 3
[2015-05-10 21:39:36,148] [DEBUG] [naocf09bwwjd1fxf56th3fg1y] [anonymousUser] [c.h.d.w.f.LogPhaseListener.afterPhase] PROCESS_VALIDATIONS 3
[2015-05-10 21:39:36,150] [DEBUG] [naocf09bwwjd1fxf56th3fg1y] [anonymousUser] [c.h.d.w.f.LogPhaseListener.beforePhase] UPDATE_MODEL_VALUES 4
[2015-05-10 21:39:36,154] [DEBUG] [naocf09bwwjd1fxf56th3fg1y] [anonymousUser] [c.h.d.w.f.LogPhaseListener.afterPhase] UPDATE_MODEL_VALUES 4
[2015-05-10 21:39:36,156] [DEBUG] [naocf09bwwjd1fxf56th3fg1y] [anonymousUser] [c.h.d.w.f.LogPhaseListener.beforePhase] INVOKE_APPLICATION 5
[2015-05-10 21:39:36,158] [DEBUG] [naocf09bwwjd1fxf56th3fg1y] [anonymousUser] [c.h.d.w.f.LogPhaseListener.afterPhase] INVOKE_APPLICATION 5
[2015-05-10 21:39:36,160] [DEBUG] [naocf09bwwjd1fxf56th3fg1y] [anonymousUser] [c.h.d.w.f.LogPhaseListener.beforePhase] RENDER_RESPONSE 6
[2015-05-10 21:39:36,733] [DEBUG] [naocf09bwwjd1fxf56th3fg1y] [anonymousUser] [c.h.d.w.f.LogPhaseListener.afterPhase] RENDER_RESPONSE 6
[2015-05-10 21:39:45,245] [DEBUG] [naocf09bwwjd1fxf56th3fg1y] [anonymousUser] [c.h.d.w.f.LogPhaseListener.beforePhase] RESTORE_VIEW 1
[2015-05-10 21:39:45,288] [DEBUG] [naocf09bwwjd1fxf56th3fg1y] [anonymousUser] [c.h.d.w.f.LogPhaseListener.afterPhase] RESTORE_VIEW 1
[2015-05-10 21:39:45,290] [DEBUG] [naocf09bwwjd1fxf56th3fg1y] [anonymousUser] [c.h.d.w.f.LogPhaseListener.beforePhase] APPLY_REQUEST_VALUES 2
[2015-05-10 21:39:45,296] [DEBUG] [naocf09bwwjd1fxf56th3fg1y] [anonymousUser] [c.h.d.w.f.LogPhaseListener.afterPhase] APPLY_REQUEST_VALUES 2
[2015-05-10 21:39:45,298] [DEBUG] [naocf09bwwjd1fxf56th3fg1y] [anonymousUser] [c.h.d.w.f.LogPhaseListener.beforePhase] PROCESS_VALIDATIONS 3
[2015-05-10 21:39:45,305] [DEBUG] [naocf09bwwjd1fxf56th3fg1y] [anonymousUser] [c.h.d.w.f.LogPhaseListener.afterPhase] PROCESS_VALIDATIONS 3
[2015-05-10 21:39:45,306] [DEBUG] [naocf09bwwjd1fxf56th3fg1y] [anonymousUser] [c.h.d.w.f.LogPhaseListener.beforePhase] UPDATE_MODEL_VALUES 4
[2015-05-10 21:39:45,310] [DEBUG] [naocf09bwwjd1fxf56th3fg1y] [anonymousUser] [c.h.d.w.f.LogPhaseListener.afterPhase] UPDATE_MODEL_VALUES 4
[2015-05-10 21:39:45,311] [DEBUG] [naocf09bwwjd1fxf56th3fg1y] [anonymousUser] [c.h.d.w.f.LogPhaseListener.beforePhase] INVOKE_APPLICATION 5
[2015-05-10 21:39:45,411] [DEBUG] [naocf09bwwjd1fxf56th3fg1y] [anonymousUser] [c.h.d.s.UserDetailsServiceImpl.loadUserByUsername] Security verification for user 'user'
[2015-05-10 21:39:45,602] [DEBUG] [naocf09bwwjd1fxf56th3fg1y] [anonymousUser] [o.h.e.j.s.SqlStatementLogger.logStatement] 
    /* select
        generatedAlias0 
    from
        Account as generatedAlias0 
    where
        generatedAlias0.login=:param0 */ select
            account0_.ID as ID1_0_,
            account0_.ADDRESS_ID as ADDRESS16_0_,
            account0_.BIRTH_DATE as BIRTH_DA2_0_,
            account0_.CIVILITY as CIVILITY3_0_,
            account0_.CREATION_AUTHOR as CREATION4_0_,
            account0_.CREATION_DATE as CREATION5_0_,
            account0_.DESCRIPTION as DESCRIPT6_0_,
            account0_.EMAIL as EMAIL7_0_,
            account0_.FIRST_NAME as FIRST_NA8_0_,
            account0_.IS_ENABLED as IS_ENABL9_0_,
            account0_.LAST_MODIFICATION_AUTHOR as LAST_MO10_0_,
            account0_.LAST_MODIFICATION_DATE as LAST_MO11_0_,
            account0_.LAST_NAME as LAST_NA12_0_,
            account0_.LOGIN as LOGIN13_0_,
            account0_."PASSWORD" as PASSWOR14_0_,
            account0_.VERSION as VERSION15_0_ 
        from
            ACCOUNT account0_ 
        where
            account0_.LOGIN=? limit ?
[2015-05-10 21:39:45,657] [DEBUG] [naocf09bwwjd1fxf56th3fg1y] [anonymousUser] [o.h.e.j.s.SqlStatementLogger.logStatement] 
    /* load collection com.h2.demo.domain.Account.roles */ select
        roles0_.ACCOUNT_ID as ACCOUNT_1_0_1_,
        roles0_.ROLE_ID as ROLE_ID2_1_1_,
        role1_.ID as ID1_9_0_,
        role1_.ROLE_NAME as ROLE_NAM2_9_0_ 
    from
        ACCOUNT_ROLE roles0_ 
    inner join
        "ROLE" role1_ 
            on roles0_.ROLE_ID=role1_.ID 
    where
        roles0_.ACCOUNT_ID=?
[2015-05-10 21:39:45,721] [DEBUG] [naocf09bwwjd1fxf56th3fg1y] [anonymousUser] [c.h.d.w.f.LogPhaseListener.afterPhase] INVOKE_APPLICATION 5
[2015-05-10 21:39:45,744] [DEBUG] [1tj6m402ko7d01rjfooepj8egg] [user] [c.h.d.w.f.LogPhaseListener.beforePhase] RESTORE_VIEW 1
[2015-05-10 21:39:45,749] [DEBUG] [1tj6m402ko7d01rjfooepj8egg] [user] [c.h.d.w.f.LogPhaseListener.afterPhase] RESTORE_VIEW 1
[2015-05-10 21:39:45,752] [DEBUG] [1tj6m402ko7d01rjfooepj8egg] [user] [c.h.d.w.f.LogPhaseListener.beforePhase] RENDER_RESPONSE 6
[2015-05-10 21:39:46,094] [DEBUG] [1tj6m402ko7d01rjfooepj8egg] [user] [c.h.d.w.f.LogPhaseListener.afterPhase] RENDER_RESPONSE 6
[2015-05-10 21:39:50,003] [DEBUG] [1tj6m402ko7d01rjfooepj8egg] [user] [c.h.d.w.f.LogPhaseListener.beforePhase] RESTORE_VIEW 1
[2015-05-10 21:39:50,052] [DEBUG] [1tj6m402ko7d01rjfooepj8egg] [user] [c.h.d.w.f.LogPhaseListener.afterPhase] RESTORE_VIEW 1
[2015-05-10 21:39:50,058] [DEBUG] [1tj6m402ko7d01rjfooepj8egg] [user] [c.h.d.w.f.LogPhaseListener.beforePhase] APPLY_REQUEST_VALUES 2
[2015-05-10 21:39:50,112] [DEBUG] [1tj6m402ko7d01rjfooepj8egg] [user] [c.h.d.w.c.Conversation.pushNextContextIfNeeded] pushed 1 context on stack: Create Account
[2015-05-10 21:39:50,116] [DEBUG] [1tj6m402ko7d01rjfooepj8egg] [user] [c.h.d.w.f.LogPhaseListener.afterPhase] APPLY_REQUEST_VALUES 2
[2015-05-10 21:39:50,125] [DEBUG] [1tj6m402ko7d01rjfooepj8egg] [anonymousUser] [c.h.d.w.f.LogPhaseListener.beforePhase] RESTORE_VIEW 1
[2015-05-10 21:39:50,171] [DEBUG] [1tj6m402ko7d01rjfooepj8egg] [anonymousUser] [c.h.d.w.f.LogPhaseListener.afterPhase] RESTORE_VIEW 1
[2015-05-10 21:39:50,172] [DEBUG] [1tj6m402ko7d01rjfooepj8egg] [anonymousUser] [c.h.d.w.f.LogPhaseListener.beforePhase] RENDER_RESPONSE 6
[2015-05-10 21:39:50,450] [DEBUG] [1tj6m402ko7d01rjfooepj8egg] [anonymousUser] [c.h.d.w.f.LogPhaseListener.afterPhase] RENDER_RESPONSE 6
[2015-05-10 21:39:55,148] [DEBUG] [1giyxpi2oa8pw1tbjy4g0b14ac] [anonymousUser] [c.h.d.w.f.LogPhaseListener.beforePhase] RESTORE_VIEW 1
[2015-05-10 21:39:55,151] [DEBUG] [1giyxpi2oa8pw1tbjy4g0b14ac] [anonymousUser] [c.h.d.w.f.LogPhaseListener.afterPhase] RESTORE_VIEW 1
[2015-05-10 21:39:55,153] [DEBUG] [1giyxpi2oa8pw1tbjy4g0b14ac] [anonymousUser] [c.h.d.w.f.LogPhaseListener.beforePhase] RENDER_RESPONSE 6
[2015-05-10 21:39:55,505] [DEBUG] [1giyxpi2oa8pw1tbjy4g0b14ac] [anonymousUser] [c.h.d.w.f.LogPhaseListener.afterPhase] RENDER_RESPONSE 6
[2015-05-10 21:39:57,401] [DEBUG] [1giyxpi2oa8pw1tbjy4g0b14ac] [anonymousUser] [c.h.d.w.f.LogPhaseListener.beforePhase] RESTORE_VIEW 1
[2015-05-10 21:39:57,405] [DEBUG] [1giyxpi2oa8pw1tbjy4g0b14ac] [anonymousUser] [c.h.d.w.f.LogPhaseListener.afterPhase] RESTORE_VIEW 1
[2015-05-10 21:39:57,407] [DEBUG] [1giyxpi2oa8pw1tbjy4g0b14ac] [anonymousUser] [c.h.d.w.f.LogPhaseListener.beforePhase] APPLY_REQUEST_VALUES 2
[2015-05-10 21:39:57,411] [DEBUG] [1giyxpi2oa8pw1tbjy4g0b14ac] [anonymousUser] [c.h.d.w.f.LogPhaseListener.afterPhase] APPLY_REQUEST_VALUES 2
[2015-05-10 21:39:57,413] [DEBUG] [1giyxpi2oa8pw1tbjy4g0b14ac] [anonymousUser] [c.h.d.w.f.LogPhaseListener.beforePhase] PROCESS_VALIDATIONS 3
[2015-05-10 21:39:57,416] [DEBUG] [1giyxpi2oa8pw1tbjy4g0b14ac] [anonymousUser] [c.h.d.w.f.LogPhaseListener.afterPhase] PROCESS_VALIDATIONS 3
[2015-05-10 21:39:57,417] [DEBUG] [1giyxpi2oa8pw1tbjy4g0b14ac] [anonymousUser] [c.h.d.w.f.LogPhaseListener.beforePhase] UPDATE_MODEL_VALUES 4
[2015-05-10 21:39:57,419] [DEBUG] [1giyxpi2oa8pw1tbjy4g0b14ac] [anonymousUser] [c.h.d.w.f.LogPhaseListener.afterPhase] UPDATE_MODEL_VALUES 4
[2015-05-10 21:39:57,421] [DEBUG] [1giyxpi2oa8pw1tbjy4g0b14ac] [anonymousUser] [c.h.d.w.f.LogPhaseListener.beforePhase] INVOKE_APPLICATION 5
[2015-05-10 21:39:57,423] [DEBUG] [1giyxpi2oa8pw1tbjy4g0b14ac] [anonymousUser] [c.h.d.w.f.LogPhaseListener.afterPhase] INVOKE_APPLICATION 5
[2015-05-10 21:39:57,426] [DEBUG] [1giyxpi2oa8pw1tbjy4g0b14ac] [anonymousUser] [c.h.d.w.f.LogPhaseListener.beforePhase] RENDER_RESPONSE 6
[2015-05-10 21:39:57,732] [DEBUG] [1giyxpi2oa8pw1tbjy4g0b14ac] [anonymousUser] [c.h.d.w.f.LogPhaseListener.afterPhase] RENDER_RESPONSE 6
[2015-05-10 21:40:07,646] [DEBUG] [1giyxpi2oa8pw1tbjy4g0b14ac] [anonymousUser] [c.h.d.w.f.LogPhaseListener.beforePhase] RESTORE_VIEW 1
[2015-05-10 21:40:07,685] [DEBUG] [1giyxpi2oa8pw1tbjy4g0b14ac] [anonymousUser] [c.h.d.w.f.LogPhaseListener.afterPhase] RESTORE_VIEW 1
[2015-05-10 21:40:07,688] [DEBUG] [1giyxpi2oa8pw1tbjy4g0b14ac] [anonymousUser] [c.h.d.w.f.LogPhaseListener.beforePhase] APPLY_REQUEST_VALUES 2
[2015-05-10 21:40:07,692] [DEBUG] [1giyxpi2oa8pw1tbjy4g0b14ac] [anonymousUser] [c.h.d.w.f.LogPhaseListener.afterPhase] APPLY_REQUEST_VALUES 2
[2015-05-10 21:40:07,695] [DEBUG] [1giyxpi2oa8pw1tbjy4g0b14ac] [anonymousUser] [c.h.d.w.f.LogPhaseListener.beforePhase] PROCESS_VALIDATIONS 3
[2015-05-10 21:40:07,700] [DEBUG] [1giyxpi2oa8pw1tbjy4g0b14ac] [anonymousUser] [c.h.d.w.f.LogPhaseListener.afterPhase] PROCESS_VALIDATIONS 3
[2015-05-10 21:40:07,704] [DEBUG] [1giyxpi2oa8pw1tbjy4g0b14ac] [anonymousUser] [c.h.d.w.f.LogPhaseListener.beforePhase] UPDATE_MODEL_VALUES 4
[2015-05-10 21:40:07,707] [DEBUG] [1giyxpi2oa8pw1tbjy4g0b14ac] [anonymousUser] [c.h.d.w.f.LogPhaseListener.afterPhase] UPDATE_MODEL_VALUES 4
[2015-05-10 21:40:07,711] [DEBUG] [1giyxpi2oa8pw1tbjy4g0b14ac] [anonymousUser] [c.h.d.w.f.LogPhaseListener.beforePhase] INVOKE_APPLICATION 5
[2015-05-10 21:40:07,717] [DEBUG] [1giyxpi2oa8pw1tbjy4g0b14ac] [anonymousUser] [c.h.d.s.UserDetailsServiceImpl.loadUserByUsername] Security verification for user 'admin'
[2015-05-10 21:40:07,722] [DEBUG] [1giyxpi2oa8pw1tbjy4g0b14ac] [anonymousUser] [o.h.e.j.s.SqlStatementLogger.logStatement] 
    /* select
        generatedAlias0 
    from
        Account as generatedAlias0 
    where
        generatedAlias0.login=:param0 */ select
            account0_.ID as ID1_0_,
            account0_.ADDRESS_ID as ADDRESS16_0_,
            account0_.BIRTH_DATE as BIRTH_DA2_0_,
            account0_.CIVILITY as CIVILITY3_0_,
            account0_.CREATION_AUTHOR as CREATION4_0_,
            account0_.CREATION_DATE as CREATION5_0_,
            account0_.DESCRIPTION as DESCRIPT6_0_,
            account0_.EMAIL as EMAIL7_0_,
            account0_.FIRST_NAME as FIRST_NA8_0_,
            account0_.IS_ENABLED as IS_ENABL9_0_,
            account0_.LAST_MODIFICATION_AUTHOR as LAST_MO10_0_,
            account0_.LAST_MODIFICATION_DATE as LAST_MO11_0_,
            account0_.LAST_NAME as LAST_NA12_0_,
            account0_.LOGIN as LOGIN13_0_,
            account0_."PASSWORD" as PASSWOR14_0_,
            account0_.VERSION as VERSION15_0_ 
        from
            ACCOUNT account0_ 
        where
            account0_.LOGIN=? limit ?
[2015-05-10 21:40:07,734] [DEBUG] [1giyxpi2oa8pw1tbjy4g0b14ac] [anonymousUser] [o.h.e.j.s.SqlStatementLogger.logStatement] 
    /* load collection com.h2.demo.domain.Account.roles */ select
        roles0_.ACCOUNT_ID as ACCOUNT_1_0_1_,
        roles0_.ROLE_ID as ROLE_ID2_1_1_,
        role1_.ID as ID1_9_0_,
        role1_.ROLE_NAME as ROLE_NAM2_9_0_ 
    from
        ACCOUNT_ROLE roles0_ 
    inner join
        "ROLE" role1_ 
            on roles0_.ROLE_ID=role1_.ID 
    where
        roles0_.ACCOUNT_ID=?
[2015-05-10 21:40:07,747] [DEBUG] [1giyxpi2oa8pw1tbjy4g0b14ac] [anonymousUser] [c.h.d.w.f.LogPhaseListener.afterPhase] INVOKE_APPLICATION 5
[2015-05-10 21:40:07,769] [DEBUG] [g5mwu7t4h2gjn61m2x4rmim8] [admin] [c.h.d.w.f.LogPhaseListener.beforePhase] RESTORE_VIEW 1
[2015-05-10 21:40:07,778] [DEBUG] [g5mwu7t4h2gjn61m2x4rmim8] [admin] [c.h.d.w.f.LogPhaseListener.afterPhase] RESTORE_VIEW 1
[2015-05-10 21:40:07,780] [DEBUG] [g5mwu7t4h2gjn61m2x4rmim8] [admin] [c.h.d.w.f.LogPhaseListener.beforePhase] RENDER_RESPONSE 6
[2015-05-10 21:40:08,118] [DEBUG] [g5mwu7t4h2gjn61m2x4rmim8] [admin] [c.h.d.w.f.LogPhaseListener.afterPhase] RENDER_RESPONSE 6
[2015-05-10 21:42:06,391] [DEBUG] [g5mwu7t4h2gjn61m2x4rmim8] [admin] [c.h.d.w.f.LogPhaseListener.beforePhase] RESTORE_VIEW 1
[2015-05-10 21:42:06,396] [DEBUG] [g5mwu7t4h2gjn61m2x4rmim8] [admin] [c.h.d.w.f.LogPhaseListener.afterPhase] RESTORE_VIEW 1
[2015-05-10 21:42:06,398] [DEBUG] [g5mwu7t4h2gjn61m2x4rmim8] [admin] [c.h.d.w.f.LogPhaseListener.beforePhase] RENDER_RESPONSE 6
[2015-05-10 21:42:06,750] [DEBUG] [g5mwu7t4h2gjn61m2x4rmim8] [admin] [c.h.d.w.f.LogPhaseListener.afterPhase] RENDER_RESPONSE 6
[2015-05-10 21:49:03,267] [DEBUG] [g5mwu7t4h2gjn61m2x4rmim8] [admin] [c.h.d.w.f.LogPhaseListener.beforePhase] RESTORE_VIEW 1
[2015-05-10 21:51:44,626] [DEBUG] [g5mwu7t4h2gjn61m2x4rmim8] [admin] [c.h.d.w.f.LogPhaseListener.beforePhase] RESTORE_VIEW 1
[2015-05-10 21:50:01,923] [DEBUG] [g5mwu7t4h2gjn61m2x4rmim8] [admin] [c.h.d.w.f.LogPhaseListener.beforePhase] RESTORE_VIEW 1
[2015-05-10 21:49:58,660] [DEBUG] [g5mwu7t4h2gjn61m2x4rmim8] [anonymousUser] [c.h.d.w.f.LogPhaseListener.beforePhase] RESTORE_VIEW 1
[2015-05-10 21:51:56,544] [DEBUG] [g5mwu7t4h2gjn61m2x4rmim8] [admin] [c.h.d.w.f.LogPhaseListener.afterPhase] RESTORE_VIEW 1
[2015-05-10 21:51:56,547] [DEBUG] [g5mwu7t4h2gjn61m2x4rmim8] [admin] [c.h.d.w.f.LogPhaseListener.beforePhase] RENDER_RESPONSE 6
[2015-05-10 21:51:56,542] [DEBUG] [g5mwu7t4h2gjn61m2x4rmim8] [admin] [c.h.d.w.f.LogPhaseListener.afterPhase] RESTORE_VIEW 1
[2015-05-10 21:51:56,551] [DEBUG] [g5mwu7t4h2gjn61m2x4rmim8] [admin] [c.h.d.w.f.LogPhaseListener.beforePhase] RENDER_RESPONSE 6
[2015-05-10 21:51:56,542] [DEBUG] [g5mwu7t4h2gjn61m2x4rmim8] [admin] [c.h.d.w.f.LogPhaseListener.afterPhase] RESTORE_VIEW 1
[2015-05-10 21:51:56,579] [DEBUG] [g5mwu7t4h2gjn61m2x4rmim8] [admin] [c.h.d.w.f.LogPhaseListener.beforePhase] RENDER_RESPONSE 6
[2015-05-10 21:51:56,547] [DEBUG] [g5mwu7t4h2gjn61m2x4rmim8] [anonymousUser] [c.h.d.w.f.LogPhaseListener.afterPhase] RESTORE_VIEW 1
[2015-05-10 21:51:56,647] [DEBUG] [g5mwu7t4h2gjn61m2x4rmim8] [anonymousUser] [c.h.d.w.f.LogPhaseListener.beforePhase] APPLY_REQUEST_VALUES 2
[2015-05-10 21:51:56,648] [DEBUG] [g5mwu7t4h2gjn61m2x4rmim8] [anonymousUser] [c.h.d.w.f.LogPhaseListener.afterPhase] APPLY_REQUEST_VALUES 2
[2015-05-10 21:51:56,651] [DEBUG] [g5mwu7t4h2gjn61m2x4rmim8] [anonymousUser] [c.h.d.w.f.LogPhaseListener.beforePhase] PROCESS_VALIDATIONS 3
[2015-05-10 21:51:56,685] [DEBUG] [g5mwu7t4h2gjn61m2x4rmim8] [anonymousUser] [c.h.d.w.f.LogPhaseListener.afterPhase] PROCESS_VALIDATIONS 3
[2015-05-10 21:51:56,687] [DEBUG] [g5mwu7t4h2gjn61m2x4rmim8] [anonymousUser] [c.h.d.w.f.LogPhaseListener.beforePhase] UPDATE_MODEL_VALUES 4
[2015-05-10 21:51:56,688] [DEBUG] [g5mwu7t4h2gjn61m2x4rmim8] [anonymousUser] [c.h.d.w.f.LogPhaseListener.afterPhase] UPDATE_MODEL_VALUES 4
[2015-05-10 21:51:56,689] [DEBUG] [g5mwu7t4h2gjn61m2x4rmim8] [anonymousUser] [c.h.d.w.f.LogPhaseListener.beforePhase] INVOKE_APPLICATION 5
[2015-05-10 21:51:56,690] [DEBUG] [g5mwu7t4h2gjn61m2x4rmim8] [anonymousUser] [c.h.d.w.f.LogPhaseListener.afterPhase] INVOKE_APPLICATION 5
[2015-05-10 21:51:56,691] [DEBUG] [g5mwu7t4h2gjn61m2x4rmim8] [anonymousUser] [c.h.d.w.f.LogPhaseListener.beforePhase] RENDER_RESPONSE 6
[2015-05-10 21:51:57,349] [DEBUG] [g5mwu7t4h2gjn61m2x4rmim8] [admin] [c.h.d.w.f.LogPhaseListener.afterPhase] RENDER_RESPONSE 6
[2015-05-10 21:51:57,448] [DEBUG] [g5mwu7t4h2gjn61m2x4rmim8] [admin] [c.h.d.w.f.LogPhaseListener.afterPhase] RENDER_RESPONSE 6
[2015-05-10 21:51:57,678] [DEBUG] [g5mwu7t4h2gjn61m2x4rmim8] [anonymousUser] [c.h.d.w.f.LogPhaseListener.afterPhase] RENDER_RESPONSE 6
[2015-05-10 21:51:57,803] [DEBUG] [g5mwu7t4h2gjn61m2x4rmim8] [admin] [c.h.d.w.f.LogPhaseListener.afterPhase] RENDER_RESPONSE 6
[2015-05-10 21:52:06,883] [DEBUG] [1rxsqihgjm5421uw52r6f7a4ee] [anonymousUser] [c.h.d.w.f.LogPhaseListener.beforePhase] RESTORE_VIEW 1
[2015-05-10 21:52:06,886] [DEBUG] [1rxsqihgjm5421uw52r6f7a4ee] [anonymousUser] [c.h.d.w.f.LogPhaseListener.afterPhase] RESTORE_VIEW 1
[2015-05-10 21:52:06,888] [DEBUG] [1rxsqihgjm5421uw52r6f7a4ee] [anonymousUser] [c.h.d.w.f.LogPhaseListener.beforePhase] RENDER_RESPONSE 6
[2015-05-10 21:52:07,190] [DEBUG] [1rxsqihgjm5421uw52r6f7a4ee] [anonymousUser] [c.h.d.w.f.LogPhaseListener.afterPhase] RENDER_RESPONSE 6
[2015-05-10 21:52:09,604] [DEBUG] [1rxsqihgjm5421uw52r6f7a4ee] [anonymousUser] [c.h.d.w.f.LogPhaseListener.beforePhase] RESTORE_VIEW 1
[2015-05-10 21:52:09,609] [DEBUG] [1rxsqihgjm5421uw52r6f7a4ee] [anonymousUser] [c.h.d.w.f.LogPhaseListener.afterPhase] RESTORE_VIEW 1
[2015-05-10 21:52:09,610] [DEBUG] [1rxsqihgjm5421uw52r6f7a4ee] [anonymousUser] [c.h.d.w.f.LogPhaseListener.beforePhase] APPLY_REQUEST_VALUES 2
[2015-05-10 21:52:09,612] [DEBUG] [1rxsqihgjm5421uw52r6f7a4ee] [anonymousUser] [c.h.d.w.f.LogPhaseListener.afterPhase] APPLY_REQUEST_VALUES 2
[2015-05-10 21:52:09,613] [DEBUG] [1rxsqihgjm5421uw52r6f7a4ee] [anonymousUser] [c.h.d.w.f.LogPhaseListener.beforePhase] PROCESS_VALIDATIONS 3
[2015-05-10 21:52:09,615] [DEBUG] [1rxsqihgjm5421uw52r6f7a4ee] [anonymousUser] [c.h.d.w.f.LogPhaseListener.afterPhase] PROCESS_VALIDATIONS 3
[2015-05-10 21:52:09,616] [DEBUG] [1rxsqihgjm5421uw52r6f7a4ee] [anonymousUser] [c.h.d.w.f.LogPhaseListener.beforePhase] UPDATE_MODEL_VALUES 4
[2015-05-10 21:52:09,617] [DEBUG] [1rxsqihgjm5421uw52r6f7a4ee] [anonymousUser] [c.h.d.w.f.LogPhaseListener.afterPhase] UPDATE_MODEL_VALUES 4
[2015-05-10 21:52:09,619] [DEBUG] [1rxsqihgjm5421uw52r6f7a4ee] [anonymousUser] [c.h.d.w.f.LogPhaseListener.beforePhase] INVOKE_APPLICATION 5
[2015-05-10 21:52:09,620] [DEBUG] [1rxsqihgjm5421uw52r6f7a4ee] [anonymousUser] [c.h.d.w.f.LogPhaseListener.afterPhase] INVOKE_APPLICATION 5
[2015-05-10 21:52:09,621] [DEBUG] [1rxsqihgjm5421uw52r6f7a4ee] [anonymousUser] [c.h.d.w.f.LogPhaseListener.beforePhase] RENDER_RESPONSE 6
[2015-05-10 21:52:09,926] [DEBUG] [1rxsqihgjm5421uw52r6f7a4ee] [anonymousUser] [c.h.d.w.f.LogPhaseListener.afterPhase] RENDER_RESPONSE 6
[2015-05-10 21:52:14,810] [DEBUG] [1rxsqihgjm5421uw52r6f7a4ee] [anonymousUser] [c.h.d.w.f.LogPhaseListener.beforePhase] RESTORE_VIEW 1
[2015-05-10 21:52:14,835] [DEBUG] [1rxsqihgjm5421uw52r6f7a4ee] [anonymousUser] [c.h.d.w.f.LogPhaseListener.afterPhase] RESTORE_VIEW 1
[2015-05-10 21:52:14,837] [DEBUG] [1rxsqihgjm5421uw52r6f7a4ee] [anonymousUser] [c.h.d.w.f.LogPhaseListener.beforePhase] APPLY_REQUEST_VALUES 2
[2015-05-10 21:52:14,839] [DEBUG] [1rxsqihgjm5421uw52r6f7a4ee] [anonymousUser] [c.h.d.w.f.LogPhaseListener.afterPhase] APPLY_REQUEST_VALUES 2
[2015-05-10 21:52:14,840] [DEBUG] [1rxsqihgjm5421uw52r6f7a4ee] [anonymousUser] [c.h.d.w.f.LogPhaseListener.beforePhase] PROCESS_VALIDATIONS 3
[2015-05-10 21:52:14,843] [DEBUG] [1rxsqihgjm5421uw52r6f7a4ee] [anonymousUser] [c.h.d.w.f.LogPhaseListener.afterPhase] PROCESS_VALIDATIONS 3
[2015-05-10 21:52:14,844] [DEBUG] [1rxsqihgjm5421uw52r6f7a4ee] [anonymousUser] [c.h.d.w.f.LogPhaseListener.beforePhase] UPDATE_MODEL_VALUES 4
[2015-05-10 21:52:14,846] [DEBUG] [1rxsqihgjm5421uw52r6f7a4ee] [anonymousUser] [c.h.d.w.f.LogPhaseListener.afterPhase] UPDATE_MODEL_VALUES 4
[2015-05-10 21:52:14,847] [DEBUG] [1rxsqihgjm5421uw52r6f7a4ee] [anonymousUser] [c.h.d.w.f.LogPhaseListener.beforePhase] INVOKE_APPLICATION 5
[2015-05-10 21:52:14,851] [DEBUG] [1rxsqihgjm5421uw52r6f7a4ee] [anonymousUser] [c.h.d.s.UserDetailsServiceImpl.loadUserByUsername] Security verification for user 'admin'
[2015-05-10 21:52:14,854] [DEBUG] [1rxsqihgjm5421uw52r6f7a4ee] [anonymousUser] [o.h.e.j.s.SqlStatementLogger.logStatement] 
    /* select
        generatedAlias0 
    from
        Account as generatedAlias0 
    where
        generatedAlias0.login=:param0 */ select
            account0_.ID as ID1_0_,
            account0_.ADDRESS_ID as ADDRESS16_0_,
            account0_.BIRTH_DATE as BIRTH_DA2_0_,
            account0_.CIVILITY as CIVILITY3_0_,
            account0_.CREATION_AUTHOR as CREATION4_0_,
            account0_.CREATION_DATE as CREATION5_0_,
            account0_.DESCRIPTION as DESCRIPT6_0_,
            account0_.EMAIL as EMAIL7_0_,
            account0_.FIRST_NAME as FIRST_NA8_0_,
            account0_.IS_ENABLED as IS_ENABL9_0_,
            account0_.LAST_MODIFICATION_AUTHOR as LAST_MO10_0_,
            account0_.LAST_MODIFICATION_DATE as LAST_MO11_0_,
            account0_.LAST_NAME as LAST_NA12_0_,
            account0_.LOGIN as LOGIN13_0_,
            account0_."PASSWORD" as PASSWOR14_0_,
            account0_.VERSION as VERSION15_0_ 
        from
            ACCOUNT account0_ 
        where
            account0_.LOGIN=? limit ?
[2015-05-10 21:52:14,861] [DEBUG] [1rxsqihgjm5421uw52r6f7a4ee] [anonymousUser] [o.h.e.j.s.SqlStatementLogger.logStatement] 
    /* load collection com.h2.demo.domain.Account.roles */ select
        roles0_.ACCOUNT_ID as ACCOUNT_1_0_1_,
        roles0_.ROLE_ID as ROLE_ID2_1_1_,
        role1_.ID as ID1_9_0_,
        role1_.ROLE_NAME as ROLE_NAM2_9_0_ 
    from
        ACCOUNT_ROLE roles0_ 
    inner join
        "ROLE" role1_ 
            on roles0_.ROLE_ID=role1_.ID 
    where
        roles0_.ACCOUNT_ID=?
[2015-05-10 21:52:14,869] [DEBUG] [1rxsqihgjm5421uw52r6f7a4ee] [anonymousUser] [c.h.d.w.f.LogPhaseListener.afterPhase] INVOKE_APPLICATION 5
[2015-05-10 21:52:14,890] [DEBUG] [1atnqzec5onfidzkak0ixw5t2] [admin] [c.h.d.w.f.LogPhaseListener.beforePhase] RESTORE_VIEW 1
[2015-05-10 21:52:14,893] [DEBUG] [1atnqzec5onfidzkak0ixw5t2] [admin] [c.h.d.w.f.LogPhaseListener.afterPhase] RESTORE_VIEW 1
[2015-05-10 21:52:14,895] [DEBUG] [1atnqzec5onfidzkak0ixw5t2] [admin] [c.h.d.w.f.LogPhaseListener.beforePhase] RENDER_RESPONSE 6
[2015-05-10 21:52:15,215] [DEBUG] [1atnqzec5onfidzkak0ixw5t2] [admin] [c.h.d.w.f.LogPhaseListener.afterPhase] RENDER_RESPONSE 6
[2015-05-10 21:52:24,460] [DEBUG] [1atnqzec5onfidzkak0ixw5t2] [admin] [c.h.d.w.f.LogPhaseListener.beforePhase] RESTORE_VIEW 1
[2015-05-10 21:52:24,486] [DEBUG] [1atnqzec5onfidzkak0ixw5t2] [admin] [c.h.d.w.f.LogPhaseListener.afterPhase] RESTORE_VIEW 1
[2015-05-10 21:52:24,488] [DEBUG] [1atnqzec5onfidzkak0ixw5t2] [admin] [c.h.d.w.f.LogPhaseListener.beforePhase] APPLY_REQUEST_VALUES 2
[2015-05-10 21:52:24,683] [DEBUG] [1atnqzec5onfidzkak0ixw5t2] [admin] [c.h.d.w.c.Conversation.pushNextContextIfNeeded] pushed 1 context on stack: Create Address
[2015-05-10 21:52:24,688] [DEBUG] [1atnqzec5onfidzkak0ixw5t2] [admin] [c.h.d.w.f.LogPhaseListener.afterPhase] APPLY_REQUEST_VALUES 2
[2015-05-10 21:52:24,692] [DEBUG] [1atnqzec5onfidzkak0ixw5t2] [admin] [c.h.d.w.c.ConversationFilter.doFilter] Conv. 1 resumed. Nb ctx: 1
[2015-05-10 21:52:24,694] [DEBUG] [1atnqzec5onfidzkak0ixw5t2] [admin] [c.h.d.w.f.LogPhaseListener.beforePhase] RESTORE_VIEW 1
[2015-05-10 21:52:24,744] [DEBUG] [1atnqzec5onfidzkak0ixw5t2] [admin] [c.h.d.w.f.LogPhaseListener.afterPhase] RESTORE_VIEW 1
[2015-05-10 21:52:24,745] [DEBUG] [1atnqzec5onfidzkak0ixw5t2] [admin] [c.h.d.w.f.LogPhaseListener.beforePhase] RENDER_RESPONSE 6
[2015-05-10 21:52:26,073] [DEBUG] [1atnqzec5onfidzkak0ixw5t2] [admin] [c.h.d.w.f.LogPhaseListener.afterPhase] RENDER_RESPONSE 6
[2015-05-10 21:52:28,972] [DEBUG] [1atnqzec5onfidzkak0ixw5t2] [admin] [c.h.d.w.c.ConversationFilter.doFilter] Conv. 1 resumed. Nb ctx: 1
[2015-05-10 21:52:28,978] [DEBUG] [1atnqzec5onfidzkak0ixw5t2] [admin] [c.h.d.w.f.LogPhaseListener.beforePhase] RESTORE_VIEW 1
[2015-05-10 21:52:29,030] [DEBUG] [1atnqzec5onfidzkak0ixw5t2] [admin] [c.h.d.w.f.LogPhaseListener.afterPhase] RESTORE_VIEW 1
[2015-05-10 21:52:29,036] [DEBUG] [1atnqzec5onfidzkak0ixw5t2] [admin] [c.h.d.w.f.LogPhaseListener.beforePhase] APPLY_REQUEST_VALUES 2
[2015-05-10 21:52:29,049] [DEBUG] [1atnqzec5onfidzkak0ixw5t2] [admin] [c.h.d.w.f.LogPhaseListener.afterPhase] APPLY_REQUEST_VALUES 2
[2015-05-10 21:52:29,052] [DEBUG] [1atnqzec5onfidzkak0ixw5t2] [admin] [c.h.d.w.f.LogPhaseListener.beforePhase] RENDER_RESPONSE 6
[2015-05-10 21:52:29,071] [DEBUG] [1atnqzec5onfidzkak0ixw5t2] [admin] [c.h.d.w.f.LogPhaseListener.afterPhase] RENDER_RESPONSE 6
[2015-05-10 21:52:32,068] [DEBUG] [1atnqzec5onfidzkak0ixw5t2] [admin] [c.h.d.w.c.ConversationFilter.doFilter] Conv. 1 resumed. Nb ctx: 1
[2015-05-10 21:52:32,071] [DEBUG] [1atnqzec5onfidzkak0ixw5t2] [admin] [c.h.d.w.f.LogPhaseListener.beforePhase] RESTORE_VIEW 1
[2015-05-10 21:52:32,129] [DEBUG] [1atnqzec5onfidzkak0ixw5t2] [admin] [c.h.d.w.f.LogPhaseListener.afterPhase] RESTORE_VIEW 1
[2015-05-10 21:52:32,131] [DEBUG] [1atnqzec5onfidzkak0ixw5t2] [admin] [c.h.d.w.f.LogPhaseListener.beforePhase] APPLY_REQUEST_VALUES 2
[2015-05-10 21:52:32,135] [DEBUG] [1atnqzec5onfidzkak0ixw5t2] [admin] [c.h.d.w.f.LogPhaseListener.afterPhase] APPLY_REQUEST_VALUES 2
[2015-05-10 21:52:32,136] [DEBUG] [1atnqzec5onfidzkak0ixw5t2] [admin] [c.h.d.w.f.LogPhaseListener.beforePhase] PROCESS_VALIDATIONS 3
[2015-05-10 21:52:32,208] [DEBUG] [1atnqzec5onfidzkak0ixw5t2] [admin] [c.h.d.w.f.LogPhaseListener.afterPhase] PROCESS_VALIDATIONS 3
[2015-05-10 21:52:32,209] [DEBUG] [1atnqzec5onfidzkak0ixw5t2] [admin] [c.h.d.w.f.LogPhaseListener.beforePhase] RENDER_RESPONSE 6
[2015-05-10 21:52:32,276] [DEBUG] [1atnqzec5onfidzkak0ixw5t2] [admin] [c.h.d.w.f.LogPhaseListener.afterPhase] RENDER_RESPONSE 6
[2015-05-10 21:52:42,407] [DEBUG] [1atnqzec5onfidzkak0ixw5t2] [admin] [c.h.d.w.c.ConversationFilter.doFilter] Conv. 1 resumed. Nb ctx: 1
[2015-05-10 21:52:42,427] [DEBUG] [1atnqzec5onfidzkak0ixw5t2] [admin] [c.h.d.w.f.LogPhaseListener.beforePhase] RESTORE_VIEW 1
[2015-05-10 21:52:42,473] [DEBUG] [1atnqzec5onfidzkak0ixw5t2] [admin] [c.h.d.w.f.LogPhaseListener.afterPhase] RESTORE_VIEW 1
[2015-05-10 21:52:42,479] [DEBUG] [1atnqzec5onfidzkak0ixw5t2] [admin] [c.h.d.w.f.LogPhaseListener.beforePhase] APPLY_REQUEST_VALUES 2
[2015-05-10 21:52:42,482] [DEBUG] [1atnqzec5onfidzkak0ixw5t2] [admin] [c.h.d.w.f.LogPhaseListener.afterPhase] APPLY_REQUEST_VALUES 2
[2015-05-10 21:52:42,484] [DEBUG] [1atnqzec5onfidzkak0ixw5t2] [admin] [c.h.d.w.f.LogPhaseListener.beforePhase] RENDER_RESPONSE 6
[2015-05-10 21:52:42,507] [DEBUG] [1atnqzec5onfidzkak0ixw5t2] [admin] [c.h.d.w.f.LogPhaseListener.afterPhase] RENDER_RESPONSE 6
[2015-05-10 21:52:48,050] [DEBUG] [1atnqzec5onfidzkak0ixw5t2] [admin] [c.h.d.w.c.ConversationFilter.doFilter] Conv. 1 resumed. Nb ctx: 1
[2015-05-10 21:52:48,054] [DEBUG] [1atnqzec5onfidzkak0ixw5t2] [admin] [c.h.d.w.f.LogPhaseListener.beforePhase] RESTORE_VIEW 1
[2015-05-10 21:52:48,094] [DEBUG] [1atnqzec5onfidzkak0ixw5t2] [admin] [c.h.d.w.f.LogPhaseListener.afterPhase] RESTORE_VIEW 1
[2015-05-10 21:52:48,104] [DEBUG] [1atnqzec5onfidzkak0ixw5t2] [admin] [c.h.d.w.f.LogPhaseListener.beforePhase] APPLY_REQUEST_VALUES 2
[2015-05-10 21:52:48,113] [DEBUG] [1atnqzec5onfidzkak0ixw5t2] [admin] [c.h.d.w.f.LogPhaseListener.afterPhase] APPLY_REQUEST_VALUES 2
[2015-05-10 21:52:48,124] [DEBUG] [1atnqzec5onfidzkak0ixw5t2] [admin] [c.h.d.w.c.Conversation.popContextesIfNeeded] popped 1 context from stack: Create Address
[2015-05-10 21:52:48,127] [INFO ] [1atnqzec5onfidzkak0ixw5t2] [admin] [c.h.d.w.c.Conversation.popContextesIfNeeded] All contextes have been popped. Natural conversation ending will be performed
[2015-05-10 21:52:48,129] [INFO ] [1atnqzec5onfidzkak0ixw5t2] [admin] [c.h.d.w.c.ConversationManager.endCurrentConversationCommon] Ending conversation 1
[2015-05-10 21:52:48,133] [DEBUG] [1atnqzec5onfidzkak0ixw5t2] [admin] [c.h.d.w.f.LogPhaseListener.beforePhase] RESTORE_VIEW 1
[2015-05-10 21:52:48,160] [DEBUG] [1atnqzec5onfidzkak0ixw5t2] [admin] [c.h.d.w.f.LogPhaseListener.afterPhase] RESTORE_VIEW 1
[2015-05-10 21:52:48,165] [DEBUG] [1atnqzec5onfidzkak0ixw5t2] [admin] [c.h.d.w.f.LogPhaseListener.beforePhase] RENDER_RESPONSE 6
[2015-05-10 21:52:48,454] [DEBUG] [1atnqzec5onfidzkak0ixw5t2] [admin] [c.h.d.w.f.LogPhaseListener.afterPhase] RENDER_RESPONSE 6
[2015-05-10 21:52:52,148] [DEBUG] [1atnqzec5onfidzkak0ixw5t2] [admin] [c.h.d.w.f.LogPhaseListener.beforePhase] RESTORE_VIEW 1
[2015-05-10 21:52:52,170] [DEBUG] [1atnqzec5onfidzkak0ixw5t2] [admin] [c.h.d.w.f.LogPhaseListener.afterPhase] RESTORE_VIEW 1
[2015-05-10 21:52:52,173] [DEBUG] [1atnqzec5onfidzkak0ixw5t2] [admin] [c.h.d.w.f.LogPhaseListener.beforePhase] APPLY_REQUEST_VALUES 2
[2015-05-10 21:52:52,177] [DEBUG] [1atnqzec5onfidzkak0ixw5t2] [admin] [c.h.d.w.c.Conversation.pushNextContextIfNeeded] pushed 1 context on stack: Search Address
[2015-05-10 21:52:52,181] [DEBUG] [1atnqzec5onfidzkak0ixw5t2] [admin] [c.h.d.w.f.LogPhaseListener.afterPhase] APPLY_REQUEST_VALUES 2
[2015-05-10 21:52:52,187] [DEBUG] [1atnqzec5onfidzkak0ixw5t2] [admin] [c.h.d.w.c.ConversationFilter.doFilter] Conv. 2 resumed. Nb ctx: 1
[2015-05-10 21:52:52,190] [DEBUG] [1atnqzec5onfidzkak0ixw5t2] [admin] [c.h.d.w.f.LogPhaseListener.beforePhase] RESTORE_VIEW 1
[2015-05-10 21:52:52,315] [DEBUG] [1atnqzec5onfidzkak0ixw5t2] [admin] [c.h.d.w.f.LogPhaseListener.afterPhase] RESTORE_VIEW 1
[2015-05-10 21:52:52,317] [DEBUG] [1atnqzec5onfidzkak0ixw5t2] [admin] [c.h.d.w.f.LogPhaseListener.beforePhase] RENDER_RESPONSE 6
[2015-05-10 21:52:53,163] [DEBUG] [1atnqzec5onfidzkak0ixw5t2] [admin] [o.h.e.j.s.SqlStatementLogger.logStatement] 
    /* select
        count(distinct generatedAlias0) 
    from
        Address as generatedAlias0 */ select
            count(distinct address0_.ID) as col_0_0_ 
        from
            ADDRESS address0_
[2015-05-10 21:52:53,183] [DEBUG] [1atnqzec5onfidzkak0ixw5t2] [admin] [o.h.e.j.s.SqlStatementLogger.logStatement] 
    /* select
        distinct generatedAlias0 
    from
        Address as generatedAlias0 */ select
            distinct address0_.ID as ID1_2_,
            address0_.CITY as CITY2_2_,
            address0_.STREET_NAME as STREET_N3_2_,
            address0_.VERSION as VERSION4_2_ 
        from
            ADDRESS address0_ limit ?
[2015-05-10 21:52:53,239] [DEBUG] [1atnqzec5onfidzkak0ixw5t2] [admin] [c.h.d.w.f.LogPhaseListener.afterPhase] RENDER_RESPONSE 6
[2015-05-10 21:52:58,100] [DEBUG] [1atnqzec5onfidzkak0ixw5t2] [admin] [c.h.d.w.c.ConversationFilter.doFilter] Conv. 2 resumed. Nb ctx: 1
[2015-05-10 21:52:58,103] [DEBUG] [1atnqzec5onfidzkak0ixw5t2] [admin] [c.h.d.w.f.LogPhaseListener.beforePhase] RESTORE_VIEW 1
[2015-05-10 21:52:58,153] [DEBUG] [1atnqzec5onfidzkak0ixw5t2] [admin] [c.h.d.w.f.LogPhaseListener.afterPhase] RESTORE_VIEW 1
[2015-05-10 21:52:58,155] [DEBUG] [1atnqzec5onfidzkak0ixw5t2] [admin] [c.h.d.w.f.LogPhaseListener.beforePhase] APPLY_REQUEST_VALUES 2
[2015-05-10 21:52:58,218] [DEBUG] [1atnqzec5onfidzkak0ixw5t2] [admin] [o.h.e.j.s.SqlStatementLogger.logStatement] 
    /* select
        distinct generatedAlias0.streetName 
    from
        Address as generatedAlias0 
    where
        lower(generatedAlias0.streetName) like :param0 
    order by
        generatedAlias0.streetName asc */ select
            distinct address0_.STREET_NAME as col_0_0_ 
        from
            ADDRESS address0_ 
        where
            lower(address0_.STREET_NAME) like ? 
        order by
            address0_.STREET_NAME asc limit ?
[2015-05-10 21:52:58,226] [DEBUG] [1atnqzec5onfidzkak0ixw5t2] [admin] [c.h.d.w.f.LogPhaseListener.afterPhase] APPLY_REQUEST_VALUES 2
[2015-05-10 21:52:58,228] [DEBUG] [1atnqzec5onfidzkak0ixw5t2] [admin] [c.h.d.w.f.LogPhaseListener.beforePhase] RENDER_RESPONSE 6
[2015-05-10 21:52:58,252] [DEBUG] [1atnqzec5onfidzkak0ixw5t2] [admin] [c.h.d.w.f.LogPhaseListener.afterPhase] RENDER_RESPONSE 6
[2015-05-10 21:52:59,463] [DEBUG] [1atnqzec5onfidzkak0ixw5t2] [admin] [c.h.d.w.c.ConversationFilter.doFilter] Conv. 2 resumed. Nb ctx: 1
[2015-05-10 21:52:59,467] [DEBUG] [1atnqzec5onfidzkak0ixw5t2] [admin] [c.h.d.w.f.LogPhaseListener.beforePhase] RESTORE_VIEW 1
[2015-05-10 21:52:59,504] [DEBUG] [1atnqzec5onfidzkak0ixw5t2] [admin] [c.h.d.w.f.LogPhaseListener.afterPhase] RESTORE_VIEW 1
[2015-05-10 21:52:59,505] [DEBUG] [1atnqzec5onfidzkak0ixw5t2] [admin] [c.h.d.w.f.LogPhaseListener.beforePhase] APPLY_REQUEST_VALUES 2
[2015-05-10 21:52:59,517] [DEBUG] [1atnqzec5onfidzkak0ixw5t2] [admin] [o.h.e.j.s.SqlStatementLogger.logStatement] 
    /* select
        distinct generatedAlias0.streetName 
    from
        Address as generatedAlias0 
    where
        lower(generatedAlias0.streetName) like :param0 
    order by
        generatedAlias0.streetName asc */ select
            distinct address0_.STREET_NAME as col_0_0_ 
        from
            ADDRESS address0_ 
        where
            lower(address0_.STREET_NAME) like ? 
        order by
            address0_.STREET_NAME asc limit ?
[2015-05-10 21:52:59,527] [DEBUG] [1atnqzec5onfidzkak0ixw5t2] [admin] [c.h.d.w.f.LogPhaseListener.afterPhase] APPLY_REQUEST_VALUES 2
[2015-05-10 21:52:59,529] [DEBUG] [1atnqzec5onfidzkak0ixw5t2] [admin] [c.h.d.w.f.LogPhaseListener.beforePhase] RENDER_RESPONSE 6
[2015-05-10 21:52:59,551] [DEBUG] [1atnqzec5onfidzkak0ixw5t2] [admin] [c.h.d.w.f.LogPhaseListener.afterPhase] RENDER_RESPONSE 6
[2015-05-10 21:53:03,680] [DEBUG] [1atnqzec5onfidzkak0ixw5t2] [admin] [c.h.d.w.c.ConversationFilter.doFilter] Conv. 2 resumed. Nb ctx: 1
[2015-05-10 21:53:03,686] [DEBUG] [1atnqzec5onfidzkak0ixw5t2] [admin] [c.h.d.w.f.LogPhaseListener.beforePhase] RESTORE_VIEW 1
[2015-05-10 21:53:03,761] [DEBUG] [1atnqzec5onfidzkak0ixw5t2] [admin] [c.h.d.w.f.LogPhaseListener.afterPhase] RESTORE_VIEW 1
[2015-05-10 21:53:03,772] [DEBUG] [1atnqzec5onfidzkak0ixw5t2] [admin] [c.h.d.w.f.LogPhaseListener.beforePhase] APPLY_REQUEST_VALUES 2
[2015-05-10 21:53:03,785] [DEBUG] [1atnqzec5onfidzkak0ixw5t2] [admin] [c.h.d.w.f.LogPhaseListener.afterPhase] APPLY_REQUEST_VALUES 2
[2015-05-10 21:53:03,787] [DEBUG] [1atnqzec5onfidzkak0ixw5t2] [admin] [c.h.d.w.f.LogPhaseListener.beforePhase] PROCESS_VALIDATIONS 3
[2015-05-10 21:53:03,800] [DEBUG] [1atnqzec5onfidzkak0ixw5t2] [admin] [c.h.d.w.f.LogPhaseListener.afterPhase] PROCESS_VALIDATIONS 3
[2015-05-10 21:53:03,807] [DEBUG] [1atnqzec5onfidzkak0ixw5t2] [admin] [c.h.d.w.f.LogPhaseListener.beforePhase] UPDATE_MODEL_VALUES 4
[2015-05-10 21:53:03,822] [DEBUG] [1atnqzec5onfidzkak0ixw5t2] [admin] [c.h.d.w.f.LogPhaseListener.afterPhase] UPDATE_MODEL_VALUES 4
[2015-05-10 21:53:03,823] [DEBUG] [1atnqzec5onfidzkak0ixw5t2] [admin] [c.h.d.w.f.LogPhaseListener.beforePhase] INVOKE_APPLICATION 5
[2015-05-10 21:53:03,825] [DEBUG] [1atnqzec5onfidzkak0ixw5t2] [admin] [c.h.d.w.f.LogPhaseListener.afterPhase] INVOKE_APPLICATION 5
[2015-05-10 21:53:03,826] [DEBUG] [1atnqzec5onfidzkak0ixw5t2] [admin] [c.h.d.w.f.LogPhaseListener.beforePhase] RENDER_RESPONSE 6
[2015-05-10 21:53:03,862] [DEBUG] [1atnqzec5onfidzkak0ixw5t2] [admin] [o.h.e.j.s.SqlStatementLogger.logStatement] 
    /* select
        count(distinct generatedAlias0) 
    from
        Address as generatedAlias0 
    where
        lower(generatedAlias0.streetName) like :param0 */ select
            count(distinct address0_.ID) as col_0_0_ 
        from
            ADDRESS address0_ 
        where
            lower(address0_.STREET_NAME) like ?
[2015-05-10 21:53:03,878] [DEBUG] [1atnqzec5onfidzkak0ixw5t2] [admin] [o.h.e.j.s.SqlStatementLogger.logStatement] 
    /* select
        distinct generatedAlias0 
    from
        Address as generatedAlias0 
    where
        lower(generatedAlias0.streetName) like :param0 */ select
            distinct address0_.ID as ID1_2_,
            address0_.CITY as CITY2_2_,
            address0_.STREET_NAME as STREET_N3_2_,
            address0_.VERSION as VERSION4_2_ 
        from
            ADDRESS address0_ 
        where
            lower(address0_.STREET_NAME) like ? limit ?
[2015-05-10 21:53:03,891] [DEBUG] [1atnqzec5onfidzkak0ixw5t2] [admin] [c.h.d.w.f.LogPhaseListener.afterPhase] RENDER_RESPONSE 6
[2015-05-10 21:53:08,260] [DEBUG] [1atnqzec5onfidzkak0ixw5t2] [admin] [c.h.d.w.c.ConversationFilter.doFilter] Conv. 2 resumed. Nb ctx: 1
[2015-05-10 21:53:08,288] [DEBUG] [1atnqzec5onfidzkak0ixw5t2] [admin] [c.h.d.w.f.LogPhaseListener.beforePhase] RESTORE_VIEW 1
[2015-05-10 21:53:08,337] [DEBUG] [1atnqzec5onfidzkak0ixw5t2] [admin] [c.h.d.w.f.LogPhaseListener.afterPhase] RESTORE_VIEW 1
[2015-05-10 21:53:08,345] [DEBUG] [1atnqzec5onfidzkak0ixw5t2] [admin] [c.h.d.w.f.LogPhaseListener.beforePhase] APPLY_REQUEST_VALUES 2
[2015-05-10 21:53:08,349] [DEBUG] [1atnqzec5onfidzkak0ixw5t2] [admin] [c.h.d.w.f.LogPhaseListener.afterPhase] APPLY_REQUEST_VALUES 2
[2015-05-10 21:53:08,351] [DEBUG] [1atnqzec5onfidzkak0ixw5t2] [admin] [c.h.d.w.f.LogPhaseListener.beforePhase] PROCESS_VALIDATIONS 3
[2015-05-10 21:53:08,365] [DEBUG] [1atnqzec5onfidzkak0ixw5t2] [admin] [c.h.d.w.f.LogPhaseListener.afterPhase] PROCESS_VALIDATIONS 3
[2015-05-10 21:53:08,368] [DEBUG] [1atnqzec5onfidzkak0ixw5t2] [admin] [c.h.d.w.f.LogPhaseListener.beforePhase] UPDATE_MODEL_VALUES 4
[2015-05-10 21:53:08,379] [DEBUG] [1atnqzec5onfidzkak0ixw5t2] [admin] [c.h.d.w.f.LogPhaseListener.afterPhase] UPDATE_MODEL_VALUES 4
[2015-05-10 21:53:08,388] [DEBUG] [1atnqzec5onfidzkak0ixw5t2] [admin] [c.h.d.w.f.LogPhaseListener.beforePhase] INVOKE_APPLICATION 5
[2015-05-10 21:53:08,391] [DEBUG] [1atnqzec5onfidzkak0ixw5t2] [admin] [c.h.d.w.f.LogPhaseListener.afterPhase] INVOKE_APPLICATION 5
[2015-05-10 21:53:08,394] [DEBUG] [1atnqzec5onfidzkak0ixw5t2] [admin] [c.h.d.w.f.LogPhaseListener.beforePhase] RENDER_RESPONSE 6
[2015-05-10 21:53:08,425] [DEBUG] [1atnqzec5onfidzkak0ixw5t2] [admin] [o.h.e.j.s.SqlStatementLogger.logStatement] 
    /* select
        count(distinct generatedAlias0) 
    from
        Address as generatedAlias0 */ select
            count(distinct address0_.ID) as col_0_0_ 
        from
            ADDRESS address0_
[2015-05-10 21:53:08,432] [DEBUG] [1atnqzec5onfidzkak0ixw5t2] [admin] [o.h.e.j.s.SqlStatementLogger.logStatement] 
    /* select
        distinct generatedAlias0 
    from
        Address as generatedAlias0 */ select
            distinct address0_.ID as ID1_2_,
            address0_.CITY as CITY2_2_,
            address0_.STREET_NAME as STREET_N3_2_,
            address0_.VERSION as VERSION4_2_ 
        from
            ADDRESS address0_ limit ?
[2015-05-10 21:53:08,447] [DEBUG] [1atnqzec5onfidzkak0ixw5t2] [admin] [c.h.d.w.f.LogPhaseListener.afterPhase] RENDER_RESPONSE 6
[2015-05-10 21:53:13,801] [DEBUG] [1atnqzec5onfidzkak0ixw5t2] [admin] [c.h.d.w.c.ConversationFilter.doFilter] Conv. 2 resumed. Nb ctx: 1
[2015-05-10 21:53:13,805] [DEBUG] [1atnqzec5onfidzkak0ixw5t2] [admin] [c.h.d.w.f.LogPhaseListener.beforePhase] RESTORE_VIEW 1
[2015-05-10 21:53:13,850] [DEBUG] [1atnqzec5onfidzkak0ixw5t2] [admin] [c.h.d.w.f.LogPhaseListener.afterPhase] RESTORE_VIEW 1
[2015-05-10 21:53:13,852] [DEBUG] [1atnqzec5onfidzkak0ixw5t2] [admin] [c.h.d.w.f.LogPhaseListener.beforePhase] APPLY_REQUEST_VALUES 2
[2015-05-10 21:53:13,858] [DEBUG] [1atnqzec5onfidzkak0ixw5t2] [admin] [o.h.e.j.s.SqlStatementLogger.logStatement] 
    /* select
        distinct generatedAlias0.streetName 
    from
        Address as generatedAlias0 
    where
        lower(generatedAlias0.streetName) like :param0 
    order by
        generatedAlias0.streetName asc */ select
            distinct address0_.STREET_NAME as col_0_0_ 
        from
            ADDRESS address0_ 
        where
            lower(address0_.STREET_NAME) like ? 
        order by
            address0_.STREET_NAME asc limit ?
[2015-05-10 21:53:13,866] [DEBUG] [1atnqzec5onfidzkak0ixw5t2] [admin] [c.h.d.w.f.LogPhaseListener.afterPhase] APPLY_REQUEST_VALUES 2
[2015-05-10 21:53:13,867] [DEBUG] [1atnqzec5onfidzkak0ixw5t2] [admin] [c.h.d.w.f.LogPhaseListener.beforePhase] RENDER_RESPONSE 6
[2015-05-10 21:53:13,888] [DEBUG] [1atnqzec5onfidzkak0ixw5t2] [admin] [c.h.d.w.f.LogPhaseListener.afterPhase] RENDER_RESPONSE 6
[2015-05-10 21:53:19,727] [DEBUG] [1atnqzec5onfidzkak0ixw5t2] [admin] [c.h.d.w.c.ConversationFilter.doFilter] Conv. 2 resumed. Nb ctx: 1
[2015-05-10 21:53:19,730] [DEBUG] [1atnqzec5onfidzkak0ixw5t2] [admin] [c.h.d.w.f.LogPhaseListener.beforePhase] RESTORE_VIEW 1
[2015-05-10 21:53:19,759] [DEBUG] [1atnqzec5onfidzkak0ixw5t2] [admin] [c.h.d.w.f.LogPhaseListener.afterPhase] RESTORE_VIEW 1
[2015-05-10 21:53:19,762] [DEBUG] [1atnqzec5onfidzkak0ixw5t2] [admin] [c.h.d.w.f.LogPhaseListener.beforePhase] APPLY_REQUEST_VALUES 2
[2015-05-10 21:53:19,768] [DEBUG] [1atnqzec5onfidzkak0ixw5t2] [admin] [o.h.e.j.s.SqlStatementLogger.logStatement] 
    /* select
        distinct generatedAlias0.streetName 
    from
        Address as generatedAlias0 
    where
        lower(generatedAlias0.streetName) like :param0 
    order by
        generatedAlias0.streetName asc */ select
            distinct address0_.STREET_NAME as col_0_0_ 
        from
            ADDRESS address0_ 
        where
            lower(address0_.STREET_NAME) like ? 
        order by
            address0_.STREET_NAME asc limit ?
[2015-05-10 21:53:19,775] [DEBUG] [1atnqzec5onfidzkak0ixw5t2] [admin] [c.h.d.w.f.LogPhaseListener.afterPhase] APPLY_REQUEST_VALUES 2
[2015-05-10 21:53:19,777] [DEBUG] [1atnqzec5onfidzkak0ixw5t2] [admin] [c.h.d.w.f.LogPhaseListener.beforePhase] RENDER_RESPONSE 6
[2015-05-10 21:53:19,804] [DEBUG] [1atnqzec5onfidzkak0ixw5t2] [admin] [c.h.d.w.f.LogPhaseListener.afterPhase] RENDER_RESPONSE 6
[2015-05-10 21:53:21,522] [DEBUG] [1atnqzec5onfidzkak0ixw5t2] [admin] [c.h.d.w.c.ConversationFilter.doFilter] Conv. 2 resumed. Nb ctx: 1
[2015-05-10 21:53:21,525] [DEBUG] [1atnqzec5onfidzkak0ixw5t2] [admin] [c.h.d.w.f.LogPhaseListener.beforePhase] RESTORE_VIEW 1
[2015-05-10 21:53:21,557] [DEBUG] [1atnqzec5onfidzkak0ixw5t2] [admin] [c.h.d.w.f.LogPhaseListener.afterPhase] RESTORE_VIEW 1
[2015-05-10 21:53:21,559] [DEBUG] [1atnqzec5onfidzkak0ixw5t2] [admin] [c.h.d.w.f.LogPhaseListener.beforePhase] APPLY_REQUEST_VALUES 2
[2015-05-10 21:53:21,568] [DEBUG] [1atnqzec5onfidzkak0ixw5t2] [admin] [o.h.e.j.s.SqlStatementLogger.logStatement] 
    /* select
        distinct generatedAlias0.streetName 
    from
        Address as generatedAlias0 
    where
        lower(generatedAlias0.streetName) like :param0 
    order by
        generatedAlias0.streetName asc */ select
            distinct address0_.STREET_NAME as col_0_0_ 
        from
            ADDRESS address0_ 
        where
            lower(address0_.STREET_NAME) like ? 
        order by
            address0_.STREET_NAME asc limit ?
[2015-05-10 21:53:21,574] [DEBUG] [1atnqzec5onfidzkak0ixw5t2] [admin] [c.h.d.w.f.LogPhaseListener.afterPhase] APPLY_REQUEST_VALUES 2
[2015-05-10 21:53:21,576] [DEBUG] [1atnqzec5onfidzkak0ixw5t2] [admin] [c.h.d.w.f.LogPhaseListener.beforePhase] RENDER_RESPONSE 6
[2015-05-10 21:53:21,597] [DEBUG] [1atnqzec5onfidzkak0ixw5t2] [admin] [c.h.d.w.f.LogPhaseListener.afterPhase] RENDER_RESPONSE 6
[2015-05-10 21:53:25,062] [DEBUG] [1atnqzec5onfidzkak0ixw5t2] [admin] [c.h.d.w.c.ConversationFilter.doFilter] Conv. 2 resumed. Nb ctx: 1
[2015-05-10 21:53:25,065] [DEBUG] [1atnqzec5onfidzkak0ixw5t2] [admin] [c.h.d.w.f.LogPhaseListener.beforePhase] RESTORE_VIEW 1
[2015-05-10 21:53:25,094] [DEBUG] [1atnqzec5onfidzkak0ixw5t2] [admin] [c.h.d.w.f.LogPhaseListener.afterPhase] RESTORE_VIEW 1
[2015-05-10 21:53:25,113] [DEBUG] [1atnqzec5onfidzkak0ixw5t2] [admin] [c.h.d.w.f.LogPhaseListener.beforePhase] APPLY_REQUEST_VALUES 2
[2015-05-10 21:53:25,120] [DEBUG] [1atnqzec5onfidzkak0ixw5t2] [admin] [c.h.d.w.f.LogPhaseListener.afterPhase] APPLY_REQUEST_VALUES 2
[2015-05-10 21:53:25,134] [DEBUG] [1atnqzec5onfidzkak0ixw5t2] [admin] [c.h.d.w.f.LogPhaseListener.beforePhase] PROCESS_VALIDATIONS 3
[2015-05-10 21:53:25,147] [DEBUG] [1atnqzec5onfidzkak0ixw5t2] [admin] [c.h.d.w.f.LogPhaseListener.afterPhase] PROCESS_VALIDATIONS 3
[2015-05-10 21:53:25,169] [DEBUG] [1atnqzec5onfidzkak0ixw5t2] [admin] [c.h.d.w.f.LogPhaseListener.beforePhase] UPDATE_MODEL_VALUES 4
[2015-05-10 21:53:25,175] [DEBUG] [1atnqzec5onfidzkak0ixw5t2] [admin] [c.h.d.w.f.LogPhaseListener.afterPhase] UPDATE_MODEL_VALUES 4
[2015-05-10 21:53:25,186] [DEBUG] [1atnqzec5onfidzkak0ixw5t2] [admin] [c.h.d.w.f.LogPhaseListener.beforePhase] INVOKE_APPLICATION 5
[2015-05-10 21:53:25,188] [DEBUG] [1atnqzec5onfidzkak0ixw5t2] [admin] [c.h.d.w.f.LogPhaseListener.afterPhase] INVOKE_APPLICATION 5
[2015-05-10 21:53:25,190] [DEBUG] [1atnqzec5onfidzkak0ixw5t2] [admin] [c.h.d.w.f.LogPhaseListener.beforePhase] RENDER_RESPONSE 6
[2015-05-10 21:53:25,227] [DEBUG] [1atnqzec5onfidzkak0ixw5t2] [admin] [o.h.e.j.s.SqlStatementLogger.logStatement] 
    /* select
        count(distinct generatedAlias0) 
    from
        Address as generatedAlias0 
    where
        (
            lower(generatedAlias0.streetName) like :param0 
        ) 
        or (
            lower(generatedAlias0.streetName) like :param1 
        ) */ select
            count(distinct address0_.ID) as col_0_0_ 
        from
            ADDRESS address0_ 
        where
            lower(address0_.STREET_NAME) like ? 
            or lower(address0_.STREET_NAME) like ?
[2015-05-10 21:53:25,249] [DEBUG] [1atnqzec5onfidzkak0ixw5t2] [admin] [o.h.e.j.s.SqlStatementLogger.logStatement] 
    /* select
        distinct generatedAlias0 
    from
        Address as generatedAlias0 
    where
        (
            lower(generatedAlias0.streetName) like :param0 
        ) 
        or (
            lower(generatedAlias0.streetName) like :param1 
        ) */ select
            distinct address0_.ID as ID1_2_,
            address0_.CITY as CITY2_2_,
            address0_.STREET_NAME as STREET_N3_2_,
            address0_.VERSION as VERSION4_2_ 
        from
            ADDRESS address0_ 
        where
            lower(address0_.STREET_NAME) like ? 
            or lower(address0_.STREET_NAME) like ? limit ?
[2015-05-10 21:53:25,263] [DEBUG] [1atnqzec5onfidzkak0ixw5t2] [admin] [c.h.d.w.f.LogPhaseListener.afterPhase] RENDER_RESPONSE 6
[2015-05-10 21:54:51,578] [DEBUG] [1atnqzec5onfidzkak0ixw5t2] [admin] [c.h.d.w.c.ConversationFilter.doFilter] Conv. 2 resumed. Nb ctx: 1
[2015-05-10 21:54:51,587] [DEBUG] [1atnqzec5onfidzkak0ixw5t2] [admin] [c.h.d.w.f.LogPhaseListener.beforePhase] RESTORE_VIEW 1
[2015-05-10 21:54:51,652] [DEBUG] [1atnqzec5onfidzkak0ixw5t2] [admin] [c.h.d.w.f.LogPhaseListener.afterPhase] RESTORE_VIEW 1
[2015-05-10 21:54:51,654] [DEBUG] [1atnqzec5onfidzkak0ixw5t2] [admin] [c.h.d.w.f.LogPhaseListener.beforePhase] APPLY_REQUEST_VALUES 2
[2015-05-10 21:54:51,658] [INFO ] [1atnqzec5onfidzkak0ixw5t2] [admin] [c.h.d.w.c.ConversationManager.endCurrentConversationCommon] Ending conversation 2
[2015-05-10 21:54:51,668] [DEBUG] [1atnqzec5onfidzkak0ixw5t2] [admin] [c.h.d.w.f.LogPhaseListener.afterPhase] APPLY_REQUEST_VALUES 2
[2015-05-10 21:54:51,679] [DEBUG] [1atnqzec5onfidzkak0ixw5t2] [admin] [c.h.d.w.f.LogPhaseListener.beforePhase] RESTORE_VIEW 1
[2015-05-10 21:54:51,690] [DEBUG] [1atnqzec5onfidzkak0ixw5t2] [admin] [c.h.d.w.f.LogPhaseListener.afterPhase] RESTORE_VIEW 1
[2015-05-10 21:54:51,691] [DEBUG] [1atnqzec5onfidzkak0ixw5t2] [admin] [c.h.d.w.f.LogPhaseListener.beforePhase] RENDER_RESPONSE 6
[2015-05-10 21:54:52,027] [DEBUG] [1atnqzec5onfidzkak0ixw5t2] [admin] [c.h.d.w.f.LogPhaseListener.afterPhase] RENDER_RESPONSE 6
[2015-05-10 21:54:59,669] [DEBUG] [1atnqzec5onfidzkak0ixw5t2] [admin] [c.h.d.w.f.LogPhaseListener.beforePhase] RESTORE_VIEW 1
[2015-05-10 21:54:59,691] [DEBUG] [1atnqzec5onfidzkak0ixw5t2] [admin] [c.h.d.w.f.LogPhaseListener.afterPhase] RESTORE_VIEW 1
[2015-05-10 21:54:59,699] [DEBUG] [1atnqzec5onfidzkak0ixw5t2] [admin] [c.h.d.w.f.LogPhaseListener.beforePhase] APPLY_REQUEST_VALUES 2
[2015-05-10 21:54:59,705] [DEBUG] [1atnqzec5onfidzkak0ixw5t2] [admin] [c.h.d.w.f.LogPhaseListener.afterPhase] APPLY_REQUEST_VALUES 2
[2015-05-10 21:54:59,707] [DEBUG] [1atnqzec5onfidzkak0ixw5t2] [admin] [c.h.d.w.f.LogPhaseListener.beforePhase] PROCESS_VALIDATIONS 3
[2015-05-10 21:54:59,719] [DEBUG] [1atnqzec5onfidzkak0ixw5t2] [admin] [c.h.d.w.f.LogPhaseListener.afterPhase] PROCESS_VALIDATIONS 3
[2015-05-10 21:54:59,724] [DEBUG] [1atnqzec5onfidzkak0ixw5t2] [admin] [c.h.d.w.f.LogPhaseListener.beforePhase] UPDATE_MODEL_VALUES 4
[2015-05-10 21:54:59,740] [DEBUG] [1atnqzec5onfidzkak0ixw5t2] [admin] [c.h.d.w.f.LogPhaseListener.afterPhase] UPDATE_MODEL_VALUES 4
[2015-05-10 21:54:59,746] [DEBUG] [1atnqzec5onfidzkak0ixw5t2] [admin] [c.h.d.w.f.LogPhaseListener.beforePhase] INVOKE_APPLICATION 5
[2015-05-10 21:54:59,748] [DEBUG] [1atnqzec5onfidzkak0ixw5t2] [admin] [c.h.d.w.c.Conversation.pushNextContextIfNeeded] pushed 1 context on stack: Search Book
[2015-05-10 21:54:59,751] [DEBUG] [1atnqzec5onfidzkak0ixw5t2] [admin] [c.h.d.w.f.LogPhaseListener.afterPhase] INVOKE_APPLICATION 5
[2015-05-10 21:54:59,804] [DEBUG] [1atnqzec5onfidzkak0ixw5t2] [admin] [c.h.d.w.c.ConversationFilter.doFilter] Conv. 3 resumed. Nb ctx: 1
[2015-05-10 21:54:59,815] [DEBUG] [1atnqzec5onfidzkak0ixw5t2] [admin] [c.h.d.w.f.LogPhaseListener.beforePhase] RESTORE_VIEW 1
[2015-05-10 21:54:59,828] [DEBUG] [1atnqzec5onfidzkak0ixw5t2] [admin] [c.h.d.w.f.LogPhaseListener.afterPhase] RESTORE_VIEW 1
[2015-05-10 21:54:59,839] [DEBUG] [1atnqzec5onfidzkak0ixw5t2] [admin] [c.h.d.w.f.LogPhaseListener.beforePhase] RENDER_RESPONSE 6
[2015-05-10 21:55:00,351] [DEBUG] [1atnqzec5onfidzkak0ixw5t2] [admin] [o.h.e.j.s.SqlStatementLogger.logStatement] 
    /* select
        count(distinct generatedAlias0) 
    from
        Book as generatedAlias0 */ select
            count(distinct book0_.ID) as col_0_0_ 
        from
            BOOK book0_
[2015-05-10 21:55:00,364] [DEBUG] [1atnqzec5onfidzkak0ixw5t2] [admin] [o.h.e.j.s.SqlStatementLogger.logStatement] 
    /* select
        distinct generatedAlias0 
    from
        Book as generatedAlias0 */ select
            distinct book0_.ID as ID1_4_,
            book0_.ACCOUNT_ID as ACCOUNT_5_4_,
            book0_.NUMBER_OF_PAGES as NUMBER_O2_4_,
            book0_.TITLE as TITLE3_4_,
            book0_.VERSION as VERSION4_4_ 
        from
            BOOK book0_ limit ?
[2015-05-10 21:55:00,440] [DEBUG] [1atnqzec5onfidzkak0ixw5t2] [admin] [c.h.d.w.f.LogPhaseListener.afterPhase] RENDER_RESPONSE 6
[2015-05-10 21:55:03,836] [DEBUG] [1atnqzec5onfidzkak0ixw5t2] [admin] [c.h.d.w.c.ConversationFilter.doFilter] Conv. 3 resumed. Nb ctx: 1
[2015-05-10 21:55:03,838] [DEBUG] [1atnqzec5onfidzkak0ixw5t2] [admin] [c.h.d.w.f.LogPhaseListener.beforePhase] RESTORE_VIEW 1
[2015-05-10 21:55:03,874] [DEBUG] [1atnqzec5onfidzkak0ixw5t2] [admin] [c.h.d.w.f.LogPhaseListener.afterPhase] RESTORE_VIEW 1
[2015-05-10 21:55:03,886] [DEBUG] [1atnqzec5onfidzkak0ixw5t2] [admin] [c.h.d.w.f.LogPhaseListener.beforePhase] APPLY_REQUEST_VALUES 2
[2015-05-10 21:55:03,900] [DEBUG] [1atnqzec5onfidzkak0ixw5t2] [admin] [c.h.d.w.f.LogPhaseListener.afterPhase] APPLY_REQUEST_VALUES 2
[2015-05-10 21:55:03,904] [DEBUG] [1atnqzec5onfidzkak0ixw5t2] [admin] [c.h.d.w.f.LogPhaseListener.beforePhase] PROCESS_VALIDATIONS 3
[2015-05-10 21:55:03,912] [DEBUG] [1atnqzec5onfidzkak0ixw5t2] [admin] [c.h.d.w.f.LogPhaseListener.afterPhase] PROCESS_VALIDATIONS 3
[2015-05-10 21:55:03,914] [DEBUG] [1atnqzec5onfidzkak0ixw5t2] [admin] [c.h.d.w.f.LogPhaseListener.beforePhase] UPDATE_MODEL_VALUES 4
[2015-05-10 21:55:03,918] [DEBUG] [1atnqzec5onfidzkak0ixw5t2] [admin] [c.h.d.w.f.LogPhaseListener.afterPhase] UPDATE_MODEL_VALUES 4
[2015-05-10 21:55:03,919] [DEBUG] [1atnqzec5onfidzkak0ixw5t2] [admin] [c.h.d.w.f.LogPhaseListener.beforePhase] INVOKE_APPLICATION 5
[2015-05-10 21:55:03,930] [DEBUG] [1atnqzec5onfidzkak0ixw5t2] [admin] [c.h.d.w.f.LogPhaseListener.afterPhase] INVOKE_APPLICATION 5
[2015-05-10 21:55:03,959] [DEBUG] [1atnqzec5onfidzkak0ixw5t2] [admin] [c.h.d.w.c.Conversation.pushNextContextIfNeeded] pushed 1 context on stack: Edit How to create a web app
[2015-05-10 21:55:03,968] [DEBUG] [1atnqzec5onfidzkak0ixw5t2] [admin] [c.h.d.w.c.ConversationFilter.doFilter] Conv. 3 resumed. Nb ctx: 2
[2015-05-10 21:55:03,971] [DEBUG] [1atnqzec5onfidzkak0ixw5t2] [admin] [c.h.d.w.f.LogPhaseListener.beforePhase] RESTORE_VIEW 1
[2015-05-10 21:55:03,983] [DEBUG] [1atnqzec5onfidzkak0ixw5t2] [admin] [c.h.d.w.f.LogPhaseListener.afterPhase] RESTORE_VIEW 1
[2015-05-10 21:55:03,984] [DEBUG] [1atnqzec5onfidzkak0ixw5t2] [admin] [c.h.d.w.f.LogPhaseListener.beforePhase] RENDER_RESPONSE 6
[2015-05-10 21:55:04,711] [DEBUG] [1atnqzec5onfidzkak0ixw5t2] [admin] [o.h.e.j.s.SqlStatementLogger.logStatement] 
    /* load com.h2.demo.domain.Book */ select
        book0_.ID as ID1_4_0_,
        book0_.ACCOUNT_ID as ACCOUNT_5_4_0_,
        book0_.NUMBER_OF_PAGES as NUMBER_O2_4_0_,
        book0_.TITLE as TITLE3_4_0_,
        book0_.VERSION as VERSION4_4_0_ 
    from
        BOOK book0_ 
    where
        book0_.ID=?
[2015-05-10 21:55:04,721] [DEBUG] [1atnqzec5onfidzkak0ixw5t2] [admin] [o.h.e.j.s.SqlStatementLogger.logStatement] 
    /* load com.h2.demo.domain.Account */ select
        account0_.ID as ID1_0_0_,
        account0_.ADDRESS_ID as ADDRESS16_0_0_,
        account0_.BIRTH_DATE as BIRTH_DA2_0_0_,
        account0_.CIVILITY as CIVILITY3_0_0_,
        account0_.CREATION_AUTHOR as CREATION4_0_0_,
        account0_.CREATION_DATE as CREATION5_0_0_,
        account0_.DESCRIPTION as DESCRIPT6_0_0_,
        account0_.EMAIL as EMAIL7_0_0_,
        account0_.FIRST_NAME as FIRST_NA8_0_0_,
        account0_.IS_ENABLED as IS_ENABL9_0_0_,
        account0_.LAST_MODIFICATION_AUTHOR as LAST_MO10_0_0_,
        account0_.LAST_MODIFICATION_DATE as LAST_MO11_0_0_,
        account0_.LAST_NAME as LAST_NA12_0_0_,
        account0_.LOGIN as LOGIN13_0_0_,
        account0_."PASSWORD" as PASSWOR14_0_0_,
        account0_.VERSION as VERSION15_0_0_ 
    from
        ACCOUNT account0_ 
    where
        account0_.ID=?
[2015-05-10 21:55:05,069] [DEBUG] [1atnqzec5onfidzkak0ixw5t2] [admin] [c.h.d.w.f.LogPhaseListener.afterPhase] RENDER_RESPONSE 6
[2015-05-10 21:55:08,513] [DEBUG] [1atnqzec5onfidzkak0ixw5t2] [admin] [c.h.d.w.c.ConversationFilter.doFilter] Conv. 3 resumed. Nb ctx: 2
[2015-05-10 21:55:08,529] [DEBUG] [1atnqzec5onfidzkak0ixw5t2] [admin] [c.h.d.w.f.LogPhaseListener.beforePhase] RESTORE_VIEW 1
[2015-05-10 21:55:08,630] [DEBUG] [1atnqzec5onfidzkak0ixw5t2] [admin] [c.h.d.w.f.LogPhaseListener.afterPhase] RESTORE_VIEW 1
[2015-05-10 21:55:08,632] [DEBUG] [1atnqzec5onfidzkak0ixw5t2] [admin] [c.h.d.w.f.LogPhaseListener.beforePhase] APPLY_REQUEST_VALUES 2
[2015-05-10 21:55:08,635] [DEBUG] [1atnqzec5onfidzkak0ixw5t2] [admin] [c.h.d.w.f.LogPhaseListener.afterPhase] APPLY_REQUEST_VALUES 2
[2015-05-10 21:55:08,636] [DEBUG] [1atnqzec5onfidzkak0ixw5t2] [admin] [c.h.d.w.f.LogPhaseListener.beforePhase] PROCESS_VALIDATIONS 3
[2015-05-10 21:55:08,638] [DEBUG] [1atnqzec5onfidzkak0ixw5t2] [admin] [c.h.d.w.f.LogPhaseListener.afterPhase] PROCESS_VALIDATIONS 3
[2015-05-10 21:55:08,639] [DEBUG] [1atnqzec5onfidzkak0ixw5t2] [admin] [c.h.d.w.f.LogPhaseListener.beforePhase] UPDATE_MODEL_VALUES 4
[2015-05-10 21:55:08,641] [DEBUG] [1atnqzec5onfidzkak0ixw5t2] [admin] [c.h.d.w.f.LogPhaseListener.afterPhase] UPDATE_MODEL_VALUES 4
[2015-05-10 21:55:08,654] [DEBUG] [1atnqzec5onfidzkak0ixw5t2] [admin] [c.h.d.w.f.LogPhaseListener.beforePhase] INVOKE_APPLICATION 5
[2015-05-10 21:55:08,655] [DEBUG] [1atnqzec5onfidzkak0ixw5t2] [admin] [c.h.d.w.f.LogPhaseListener.afterPhase] INVOKE_APPLICATION 5
[2015-05-10 21:55:08,656] [DEBUG] [1atnqzec5onfidzkak0ixw5t2] [admin] [c.h.d.w.f.LogPhaseListener.beforePhase] RENDER_RESPONSE 6
[2015-05-10 21:55:08,710] [DEBUG] [1atnqzec5onfidzkak0ixw5t2] [admin] [c.h.d.w.f.LogPhaseListener.afterPhase] RENDER_RESPONSE 6
[2015-05-10 21:55:08,744] [DEBUG] [1atnqzec5onfidzkak0ixw5t2] [admin] [c.h.d.w.c.ConversationFilter.doFilter] Conv. 3 resumed. Nb ctx: 2
[2015-05-10 21:55:08,747] [DEBUG] [1atnqzec5onfidzkak0ixw5t2] [admin] [c.h.d.w.f.LogPhaseListener.beforePhase] RESTORE_VIEW 1
[2015-05-10 21:55:08,782] [DEBUG] [1atnqzec5onfidzkak0ixw5t2] [admin] [c.h.d.w.f.LogPhaseListener.afterPhase] RESTORE_VIEW 1
[2015-05-10 21:55:08,783] [DEBUG] [1atnqzec5onfidzkak0ixw5t2] [admin] [c.h.d.w.f.LogPhaseListener.beforePhase] APPLY_REQUEST_VALUES 2
[2015-05-10 21:55:08,785] [DEBUG] [1atnqzec5onfidzkak0ixw5t2] [admin] [c.h.d.w.f.LogPhaseListener.afterPhase] APPLY_REQUEST_VALUES 2
[2015-05-10 21:55:08,786] [DEBUG] [1atnqzec5onfidzkak0ixw5t2] [admin] [c.h.d.w.f.LogPhaseListener.beforePhase] RENDER_RESPONSE 6
[2015-05-10 21:55:08,802] [DEBUG] [1atnqzec5onfidzkak0ixw5t2] [admin] [c.h.d.w.f.LogPhaseListener.afterPhase] RENDER_RESPONSE 6
[2015-05-10 21:55:10,949] [DEBUG] [1atnqzec5onfidzkak0ixw5t2] [admin] [c.h.d.w.c.ConversationFilter.doFilter] Conv. 3 resumed. Nb ctx: 2
[2015-05-10 21:55:10,953] [DEBUG] [1atnqzec5onfidzkak0ixw5t2] [admin] [c.h.d.w.f.LogPhaseListener.beforePhase] RESTORE_VIEW 1
[2015-05-10 21:55:11,012] [DEBUG] [1atnqzec5onfidzkak0ixw5t2] [admin] [c.h.d.w.f.LogPhaseListener.afterPhase] RESTORE_VIEW 1
[2015-05-10 21:55:11,018] [DEBUG] [1atnqzec5onfidzkak0ixw5t2] [admin] [c.h.d.w.f.LogPhaseListener.beforePhase] APPLY_REQUEST_VALUES 2
[2015-05-10 21:55:11,027] [DEBUG] [1atnqzec5onfidzkak0ixw5t2] [admin] [c.h.d.w.f.LogPhaseListener.afterPhase] APPLY_REQUEST_VALUES 2
[2015-05-10 21:55:11,038] [DEBUG] [1atnqzec5onfidzkak0ixw5t2] [admin] [c.h.d.w.c.Conversation.popContextesIfNeeded] popped 1 context from stack: Edit How to create a web app
[2015-05-10 21:55:11,046] [DEBUG] [1atnqzec5onfidzkak0ixw5t2] [admin] [c.h.d.w.c.ConversationFilter.doFilter] Conv. 3 resumed. Nb ctx: 1
[2015-05-10 21:55:11,055] [DEBUG] [1atnqzec5onfidzkak0ixw5t2] [admin] [c.h.d.w.f.LogPhaseListener.beforePhase] RESTORE_VIEW 1
[2015-05-10 21:55:11,062] [DEBUG] [1atnqzec5onfidzkak0ixw5t2] [admin] [c.h.d.w.f.LogPhaseListener.afterPhase] RESTORE_VIEW 1
[2015-05-10 21:55:11,064] [DEBUG] [1atnqzec5onfidzkak0ixw5t2] [admin] [c.h.d.w.f.LogPhaseListener.beforePhase] RENDER_RESPONSE 6
[2015-05-10 21:55:11,408] [DEBUG] [1atnqzec5onfidzkak0ixw5t2] [admin] [o.h.e.j.s.SqlStatementLogger.logStatement] 
    /* select
        count(distinct generatedAlias0) 
    from
        Book as generatedAlias0 */ select
            count(distinct book0_.ID) as col_0_0_ 
        from
            BOOK book0_
[2015-05-10 21:55:11,415] [DEBUG] [1atnqzec5onfidzkak0ixw5t2] [admin] [o.h.e.j.s.SqlStatementLogger.logStatement] 
    /* select
        distinct generatedAlias0 
    from
        Book as generatedAlias0 */ select
            distinct book0_.ID as ID1_4_,
            book0_.ACCOUNT_ID as ACCOUNT_5_4_,
            book0_.NUMBER_OF_PAGES as NUMBER_O2_4_,
            book0_.TITLE as TITLE3_4_,
            book0_.VERSION as VERSION4_4_ 
        from
            BOOK book0_ limit ?
[2015-05-10 21:55:11,459] [DEBUG] [1atnqzec5onfidzkak0ixw5t2] [admin] [c.h.d.w.f.LogPhaseListener.afterPhase] RENDER_RESPONSE 6
[2015-05-10 21:55:16,256] [DEBUG] [1atnqzec5onfidzkak0ixw5t2] [admin] [c.h.d.w.c.ConversationFilter.doFilter] Conv. 3 resumed. Nb ctx: 1
[2015-05-10 21:55:16,259] [DEBUG] [1atnqzec5onfidzkak0ixw5t2] [admin] [c.h.d.w.f.LogPhaseListener.beforePhase] RESTORE_VIEW 1
[2015-05-10 21:55:16,293] [DEBUG] [1atnqzec5onfidzkak0ixw5t2] [admin] [c.h.d.w.f.LogPhaseListener.afterPhase] RESTORE_VIEW 1
[2015-05-10 21:55:16,295] [DEBUG] [1atnqzec5onfidzkak0ixw5t2] [admin] [c.h.d.w.f.LogPhaseListener.beforePhase] APPLY_REQUEST_VALUES 2
[2015-05-10 21:55:16,301] [DEBUG] [1atnqzec5onfidzkak0ixw5t2] [admin] [c.h.d.w.f.LogPhaseListener.afterPhase] APPLY_REQUEST_VALUES 2
[2015-05-10 21:55:16,313] [DEBUG] [1atnqzec5onfidzkak0ixw5t2] [admin] [c.h.d.w.f.LogPhaseListener.beforePhase] PROCESS_VALIDATIONS 3
[2015-05-10 21:55:16,320] [DEBUG] [1atnqzec5onfidzkak0ixw5t2] [admin] [c.h.d.w.f.LogPhaseListener.afterPhase] PROCESS_VALIDATIONS 3
[2015-05-10 21:55:16,321] [DEBUG] [1atnqzec5onfidzkak0ixw5t2] [admin] [c.h.d.w.f.LogPhaseListener.beforePhase] UPDATE_MODEL_VALUES 4
[2015-05-10 21:55:16,326] [DEBUG] [1atnqzec5onfidzkak0ixw5t2] [admin] [c.h.d.w.f.LogPhaseListener.afterPhase] UPDATE_MODEL_VALUES 4
[2015-05-10 21:55:16,328] [DEBUG] [1atnqzec5onfidzkak0ixw5t2] [admin] [c.h.d.w.f.LogPhaseListener.beforePhase] INVOKE_APPLICATION 5
[2015-05-10 21:55:16,330] [DEBUG] [1atnqzec5onfidzkak0ixw5t2] [admin] [c.h.d.w.f.LogPhaseListener.afterPhase] INVOKE_APPLICATION 5
[2015-05-10 21:55:16,354] [DEBUG] [1atnqzec5onfidzkak0ixw5t2] [admin] [c.h.d.w.c.Conversation.pushNextContextIfNeeded] pushed 1 context on stack: Edit Complete history of the universe
[2015-05-10 21:55:16,358] [DEBUG] [1atnqzec5onfidzkak0ixw5t2] [admin] [c.h.d.w.c.ConversationFilter.doFilter] Conv. 3 resumed. Nb ctx: 2
[2015-05-10 21:55:16,360] [DEBUG] [1atnqzec5onfidzkak0ixw5t2] [admin] [c.h.d.w.f.LogPhaseListener.beforePhase] RESTORE_VIEW 1
[2015-05-10 21:55:16,363] [DEBUG] [1atnqzec5onfidzkak0ixw5t2] [admin] [c.h.d.w.f.LogPhaseListener.afterPhase] RESTORE_VIEW 1
[2015-05-10 21:55:16,372] [DEBUG] [1atnqzec5onfidzkak0ixw5t2] [admin] [c.h.d.w.f.LogPhaseListener.beforePhase] RENDER_RESPONSE 6
[2015-05-10 21:55:16,403] [DEBUG] [1atnqzec5onfidzkak0ixw5t2] [admin] [o.h.e.j.s.SqlStatementLogger.logStatement] 
    /* load com.h2.demo.domain.Book */ select
        book0_.ID as ID1_4_0_,
        book0_.ACCOUNT_ID as ACCOUNT_5_4_0_,
        book0_.NUMBER_OF_PAGES as NUMBER_O2_4_0_,
        book0_.TITLE as TITLE3_4_0_,
        book0_.VERSION as VERSION4_4_0_ 
    from
        BOOK book0_ 
    where
        book0_.ID=?
[2015-05-10 21:55:16,408] [DEBUG] [1atnqzec5onfidzkak0ixw5t2] [admin] [o.h.e.j.s.SqlStatementLogger.logStatement] 
    /* load com.h2.demo.domain.Account */ select
        account0_.ID as ID1_0_0_,
        account0_.ADDRESS_ID as ADDRESS16_0_0_,
        account0_.BIRTH_DATE as BIRTH_DA2_0_0_,
        account0_.CIVILITY as CIVILITY3_0_0_,
        account0_.CREATION_AUTHOR as CREATION4_0_0_,
        account0_.CREATION_DATE as CREATION5_0_0_,
        account0_.DESCRIPTION as DESCRIPT6_0_0_,
        account0_.EMAIL as EMAIL7_0_0_,
        account0_.FIRST_NAME as FIRST_NA8_0_0_,
        account0_.IS_ENABLED as IS_ENABL9_0_0_,
        account0_.LAST_MODIFICATION_AUTHOR as LAST_MO10_0_0_,
        account0_.LAST_MODIFICATION_DATE as LAST_MO11_0_0_,
        account0_.LAST_NAME as LAST_NA12_0_0_,
        account0_.LOGIN as LOGIN13_0_0_,
        account0_."PASSWORD" as PASSWOR14_0_0_,
        account0_.VERSION as VERSION15_0_0_ 
    from
        ACCOUNT account0_ 
    where
        account0_.ID=?
[2015-05-10 21:55:16,670] [DEBUG] [1atnqzec5onfidzkak0ixw5t2] [admin] [c.h.d.w.f.LogPhaseListener.afterPhase] RENDER_RESPONSE 6
[2015-05-10 21:55:21,583] [DEBUG] [1atnqzec5onfidzkak0ixw5t2] [admin] [c.h.d.w.c.ConversationFilter.doFilter] Conv. 3 resumed. Nb ctx: 2
[2015-05-10 21:55:21,586] [DEBUG] [1atnqzec5onfidzkak0ixw5t2] [admin] [c.h.d.w.f.LogPhaseListener.beforePhase] RESTORE_VIEW 1
[2015-05-10 21:55:21,621] [DEBUG] [1atnqzec5onfidzkak0ixw5t2] [admin] [c.h.d.w.f.LogPhaseListener.afterPhase] RESTORE_VIEW 1
[2015-05-10 21:55:21,639] [DEBUG] [1atnqzec5onfidzkak0ixw5t2] [admin] [c.h.d.w.f.LogPhaseListener.beforePhase] APPLY_REQUEST_VALUES 2
[2015-05-10 21:55:21,641] [DEBUG] [1atnqzec5onfidzkak0ixw5t2] [admin] [c.h.d.w.f.LogPhaseListener.afterPhase] APPLY_REQUEST_VALUES 2
[2015-05-10 21:55:21,642] [DEBUG] [1atnqzec5onfidzkak0ixw5t2] [admin] [c.h.d.w.f.LogPhaseListener.beforePhase] PROCESS_VALIDATIONS 3
[2015-05-10 21:55:21,644] [DEBUG] [1atnqzec5onfidzkak0ixw5t2] [admin] [c.h.d.w.f.LogPhaseListener.afterPhase] PROCESS_VALIDATIONS 3
[2015-05-10 21:55:21,645] [DEBUG] [1atnqzec5onfidzkak0ixw5t2] [admin] [c.h.d.w.f.LogPhaseListener.beforePhase] UPDATE_MODEL_VALUES 4
[2015-05-10 21:55:21,647] [DEBUG] [1atnqzec5onfidzkak0ixw5t2] [admin] [c.h.d.w.f.LogPhaseListener.afterPhase] UPDATE_MODEL_VALUES 4
[2015-05-10 21:55:21,659] [DEBUG] [1atnqzec5onfidzkak0ixw5t2] [admin] [c.h.d.w.f.LogPhaseListener.beforePhase] INVOKE_APPLICATION 5
[2015-05-10 21:55:21,661] [DEBUG] [1atnqzec5onfidzkak0ixw5t2] [admin] [c.h.d.w.f.LogPhaseListener.afterPhase] INVOKE_APPLICATION 5
[2015-05-10 21:55:21,662] [DEBUG] [1atnqzec5onfidzkak0ixw5t2] [admin] [c.h.d.w.f.LogPhaseListener.beforePhase] RENDER_RESPONSE 6
[2015-05-10 21:55:21,700] [DEBUG] [1atnqzec5onfidzkak0ixw5t2] [admin] [c.h.d.w.f.LogPhaseListener.afterPhase] RENDER_RESPONSE 6
[2015-05-10 21:55:21,767] [DEBUG] [1atnqzec5onfidzkak0ixw5t2] [admin] [c.h.d.w.c.ConversationFilter.doFilter] Conv. 3 resumed. Nb ctx: 2
[2015-05-10 21:55:21,770] [DEBUG] [1atnqzec5onfidzkak0ixw5t2] [admin] [c.h.d.w.f.LogPhaseListener.beforePhase] RESTORE_VIEW 1
[2015-05-10 21:55:21,811] [DEBUG] [1atnqzec5onfidzkak0ixw5t2] [admin] [c.h.d.w.f.LogPhaseListener.afterPhase] RESTORE_VIEW 1
[2015-05-10 21:55:21,813] [DEBUG] [1atnqzec5onfidzkak0ixw5t2] [admin] [c.h.d.w.f.LogPhaseListener.beforePhase] APPLY_REQUEST_VALUES 2
[2015-05-10 21:55:21,816] [DEBUG] [1atnqzec5onfidzkak0ixw5t2] [admin] [c.h.d.w.f.LogPhaseListener.afterPhase] APPLY_REQUEST_VALUES 2
[2015-05-10 21:55:21,817] [DEBUG] [1atnqzec5onfidzkak0ixw5t2] [admin] [c.h.d.w.f.LogPhaseListener.beforePhase] RENDER_RESPONSE 6
[2015-05-10 21:55:21,839] [DEBUG] [1atnqzec5onfidzkak0ixw5t2] [admin] [c.h.d.w.f.LogPhaseListener.afterPhase] RENDER_RESPONSE 6
[2015-05-10 21:55:23,821] [DEBUG] [1atnqzec5onfidzkak0ixw5t2] [admin] [c.h.d.w.c.ConversationFilter.doFilter] Conv. 3 resumed. Nb ctx: 2
[2015-05-10 21:55:23,830] [DEBUG] [1atnqzec5onfidzkak0ixw5t2] [admin] [c.h.d.w.f.LogPhaseListener.beforePhase] RESTORE_VIEW 1
[2015-05-10 21:55:23,875] [DEBUG] [1atnqzec5onfidzkak0ixw5t2] [admin] [c.h.d.w.f.LogPhaseListener.afterPhase] RESTORE_VIEW 1
[2015-05-10 21:55:23,881] [DEBUG] [1atnqzec5onfidzkak0ixw5t2] [admin] [c.h.d.w.f.LogPhaseListener.beforePhase] APPLY_REQUEST_VALUES 2
[2015-05-10 21:55:23,888] [DEBUG] [1atnqzec5onfidzkak0ixw5t2] [admin] [c.h.d.w.f.LogPhaseListener.afterPhase] APPLY_REQUEST_VALUES 2
[2015-05-10 21:55:23,892] [DEBUG] [1atnqzec5onfidzkak0ixw5t2] [admin] [c.h.d.w.c.Conversation.popContextesIfNeeded] popped 1 context from stack: Edit Complete history of the universe
[2015-05-10 21:55:23,899] [DEBUG] [1atnqzec5onfidzkak0ixw5t2] [admin] [c.h.d.w.c.ConversationFilter.doFilter] Conv. 3 resumed. Nb ctx: 1
[2015-05-10 21:55:23,902] [DEBUG] [1atnqzec5onfidzkak0ixw5t2] [admin] [c.h.d.w.f.LogPhaseListener.beforePhase] RESTORE_VIEW 1
[2015-05-10 21:55:23,905] [DEBUG] [1atnqzec5onfidzkak0ixw5t2] [admin] [c.h.d.w.f.LogPhaseListener.afterPhase] RESTORE_VIEW 1
[2015-05-10 21:55:23,911] [DEBUG] [1atnqzec5onfidzkak0ixw5t2] [admin] [c.h.d.w.f.LogPhaseListener.beforePhase] RENDER_RESPONSE 6
[2015-05-10 21:55:24,210] [DEBUG] [1atnqzec5onfidzkak0ixw5t2] [admin] [o.h.e.j.s.SqlStatementLogger.logStatement] 
    /* select
        count(distinct generatedAlias0) 
    from
        Book as generatedAlias0 */ select
            count(distinct book0_.ID) as col_0_0_ 
        from
            BOOK book0_
[2015-05-10 21:55:24,216] [DEBUG] [1atnqzec5onfidzkak0ixw5t2] [admin] [o.h.e.j.s.SqlStatementLogger.logStatement] 
    /* select
        distinct generatedAlias0 
    from
        Book as generatedAlias0 */ select
            distinct book0_.ID as ID1_4_,
            book0_.ACCOUNT_ID as ACCOUNT_5_4_,
            book0_.NUMBER_OF_PAGES as NUMBER_O2_4_,
            book0_.TITLE as TITLE3_4_,
            book0_.VERSION as VERSION4_4_ 
        from
            BOOK book0_ limit ?
[2015-05-10 21:55:24,253] [DEBUG] [1atnqzec5onfidzkak0ixw5t2] [admin] [c.h.d.w.f.LogPhaseListener.afterPhase] RENDER_RESPONSE 6
