0:0:0:0:0:0:0:1 -  -  [10/May/2015:16:08:28 +0000] "GET /h2project/ HTTP/1.1" 200 90 
0:0:0:0:0:0:0:1 -  -  [10/May/2015:16:08:28 +0000] "GET /favicon.ico HTTP/1.1" 200 1150 
0:0:0:0:0:0:0:1 -  -  [10/May/2015:16:08:28 +0000] "GET /h2project/home.faces HTTP/1.1" 200 3424 
0:0:0:0:0:0:0:1 -  -  [10/May/2015:16:08:32 +0000] "GET /h2project/javax.faces.resource/layout/layout.css.faces;jsessionid=naocf09bwwjd1fxf56th3fg1y?ln=primefaces&v=4.0 HTTP/1.1" 200 238 
0:0:0:0:0:0:0:1 -  -  [10/May/2015:16:08:32 +0000] "GET /h2project/javax.faces.resource/jquery/jquery.js.faces;jsessionid=naocf09bwwjd1fxf56th3fg1y?ln=primefaces&v=4.0 HTTP/1.1" 200 105384 
0:0:0:0:0:0:0:1 -  -  [10/May/2015:16:08:32 +0000] "GET /h2project/javax.faces.resource/primefaces.js.faces;jsessionid=naocf09bwwjd1fxf56th3fg1y?ln=primefaces&v=4.0 HTTP/1.1" 200 276924 
0:0:0:0:0:0:0:1 -  -  [10/May/2015:16:08:32 +0000] "GET /h2project/javax.faces.resource/layout/layout.js.faces;jsessionid=naocf09bwwjd1fxf56th3fg1y?ln=primefaces&v=4.0 HTTP/1.1" 200 87560 
0:0:0:0:0:0:0:1 -  -  [10/May/2015:16:08:32 +0000] "GET /h2project/javax.faces.resource/jquery/jquery-plugins.js.faces;jsessionid=naocf09bwwjd1fxf56th3fg1y?ln=primefaces&v=4.0 HTTP/1.1" 200 220526 
0:0:0:0:0:0:0:1 -  -  [10/May/2015:16:08:32 +0000] "GET /h2project/javax.faces.resource/js/primefaces-locale.js.faces;jsessionid=naocf09bwwjd1fxf56th3fg1y HTTP/1.1" 200 1132 
0:0:0:0:0:0:0:1 -  -  [10/May/2015:16:08:32 +0000] "GET /h2project/javax.faces.resource/js/main.js.faces;jsessionid=naocf09bwwjd1fxf56th3fg1y HTTP/1.1" 200 3995 
0:0:0:0:0:0:0:1 -  -  [10/May/2015:16:08:32 +0000] "GET /h2project/javax.faces.resource/jsf.js.faces?ln=javax.faces&stage=Development HTTP/1.1" 200 117623 
0:0:0:0:0:0:0:1 -  -  [10/May/2015:16:08:32 +0000] "GET /h2project/javax.faces.resource/theme.css.faces?ln=primefaces-bootstrap HTTP/1.1" 200 5583 
0:0:0:0:0:0:0:1 -  -  [10/May/2015:16:08:32 +0000] "GET /h2project/javax.faces.resource/css/main.css.faces;jsessionid=naocf09bwwjd1fxf56th3fg1y HTTP/1.1" 200 2635 
0:0:0:0:0:0:0:1 -  -  [10/May/2015:16:08:32 +0000] "GET /h2project/javax.faces.resource/primefaces.css.faces;jsessionid=naocf09bwwjd1fxf56th3fg1y?ln=primefaces&v=4.0 HTTP/1.1" 200 9961 
0:0:0:0:0:0:0:1 -  -  [10/May/2015:16:08:33 +0000] "GET /h2project/javax.faces.resource/icons/login.png.faces HTTP/1.1" 200 485 
0:0:0:0:0:0:0:1 -  -  [10/May/2015:16:08:33 +0000] "GET /h2project/javax.faces.resource/icons/environment/development.gif.faces HTTP/1.1" 200 1589 
0:0:0:0:0:0:0:1 -  -  [10/May/2015:16:08:33 +0000] "GET /h2project/javax.faces.resource/images/ui-icons_333333_256x240.png.faces?ln=primefaces-bootstrap HTTP/1.1" 200 4369 
0:0:0:0:0:0:0:1 -  -  [10/May/2015:16:08:33 +0000] "GET /h2project/javax.faces.resource/icons/fr.gif.faces HTTP/1.1" 200 1006 
0:0:0:0:0:0:0:1 -  -  [10/May/2015:16:08:33 +0000] "GET /h2project/javax.faces.resource/img/logo.png.faces HTTP/1.1" 200 11100 
0:0:0:0:0:0:0:1 -  -  [10/May/2015:16:08:33 +0000] "GET /h2project/javax.faces.resource/icons/home.png.faces HTTP/1.1" 200 1273 
0:0:0:0:0:0:0:1 -  -  [10/May/2015:16:09:35 +0000] "POST /h2project/home.faces;jsessionid=naocf09bwwjd1fxf56th3fg1y HTTP/1.1" 200 147 
0:0:0:0:0:0:0:1 -  -  [10/May/2015:16:09:36 +0000] "GET /h2project/domain/bookSelect.faces?_cid=1c1 HTTP/1.1" 302 0 
0:0:0:0:0:0:0:1 -  -  [10/May/2015:16:09:36 +0000] "GET /h2project/login.faces HTTP/1.1" 200 2679 
0:0:0:0:0:0:0:1 -  -  [10/May/2015:16:09:36 +0000] "GET /h2project/javax.faces.resource/theme.css.faces?ln=primefaces-bootstrap HTTP/1.1" 304 0 
0:0:0:0:0:0:0:1 -  -  [10/May/2015:16:09:36 +0000] "GET /h2project/javax.faces.resource/jquery/jquery.js.faces?ln=primefaces&v=4.0 HTTP/1.1" 200 105384 
0:0:0:0:0:0:0:1 -  -  [10/May/2015:16:09:36 +0000] "GET /h2project/javax.faces.resource/jquery/jquery-plugins.js.faces?ln=primefaces&v=4.0 HTTP/1.1" 200 220526 
0:0:0:0:0:0:0:1 -  -  [10/May/2015:16:09:37 +0000] "GET /h2project/javax.faces.resource/layout/layout.css.faces?ln=primefaces&v=4.0 HTTP/1.1" 200 238 
0:0:0:0:0:0:0:1 -  -  [10/May/2015:16:09:37 +0000] "GET /h2project/javax.faces.resource/layout/layout.js.faces?ln=primefaces&v=4.0 HTTP/1.1" 200 87560 
0:0:0:0:0:0:0:1 -  -  [10/May/2015:16:09:37 +0000] "GET /h2project/javax.faces.resource/js/primefaces-locale.js.faces HTTP/1.1" 200 1132 
0:0:0:0:0:0:0:1 -  -  [10/May/2015:16:09:37 +0000] "GET /h2project/javax.faces.resource/js/main.js.faces HTTP/1.1" 200 3995 
0:0:0:0:0:0:0:1 -  -  [10/May/2015:16:09:36 +0000] "GET /h2project/javax.faces.resource/primefaces.js.faces?ln=primefaces&v=4.0 HTTP/1.1" 200 276924 
0:0:0:0:0:0:0:1 -  -  [10/May/2015:16:09:37 +0000] "GET /h2project/javax.faces.resource/spacer/dot_clear.gif.faces?ln=primefaces&v=4.0 HTTP/1.1" 200 42 
0:0:0:0:0:0:0:1 -  -  [10/May/2015:16:09:36 +0000] "GET /h2project/javax.faces.resource/css/main.css.faces HTTP/1.1" 200 2635 
0:0:0:0:0:0:0:1 -  -  [10/May/2015:16:09:36 +0000] "GET /h2project/javax.faces.resource/primefaces.css.faces?ln=primefaces&v=4.0 HTTP/1.1" 200 9961 
0:0:0:0:0:0:0:1 -  -  [10/May/2015:16:09:37 +0000] "GET /h2project/javax.faces.resource/icons/environment/development.gif.faces HTTP/1.1" 304 0 
0:0:0:0:0:0:0:1 -  -  [10/May/2015:16:09:37 +0000] "GET /h2project/javax.faces.resource/img/logo.png.faces HTTP/1.1" 304 0 
0:0:0:0:0:0:0:1 -  -  [10/May/2015:16:09:37 +0000] "GET /h2project/javax.faces.resource/icons/login.png.faces HTTP/1.1" 304 0 
0:0:0:0:0:0:0:1 -  -  [10/May/2015:16:09:37 +0000] "GET /h2project/javax.faces.resource/icons/home.png.faces HTTP/1.1" 304 0 
0:0:0:0:0:0:0:1 -  -  [10/May/2015:16:09:37 +0000] "GET /h2project/javax.faces.resource/icons/fr.gif.faces HTTP/1.1" 304 0 
0:0:0:0:0:0:0:1 -  -  [10/May/2015:16:09:45 +0000] "POST /h2project/login.faces HTTP/1.1" 200 125 
0:0:0:0:0:0:0:1 -  -  [10/May/2015:16:09:45 +0000] "GET /h2project/home.faces HTTP/1.1" 200 3465 
0:0:0:0:0:0:0:1 -  -  [10/May/2015:16:09:46 +0000] "GET /h2project/javax.faces.resource/theme.css.faces?ln=primefaces-bootstrap HTTP/1.1" 304 0 
0:0:0:0:0:0:0:1 -  -  [10/May/2015:16:09:46 +0000] "GET /h2project/javax.faces.resource/css/main.css.faces HTTP/1.1" 304 0 
0:0:0:0:0:0:0:1 -  -  [10/May/2015:16:09:46 +0000] "GET /h2project/javax.faces.resource/primefaces.css.faces?ln=primefaces&v=4.0 HTTP/1.1" 304 0 
0:0:0:0:0:0:0:1 -  -  [10/May/2015:16:09:46 +0000] "GET /h2project/javax.faces.resource/layout/layout.css.faces?ln=primefaces&v=4.0 HTTP/1.1" 304 0 
0:0:0:0:0:0:0:1 -  -  [10/May/2015:16:09:46 +0000] "GET /h2project/javax.faces.resource/jquery/jquery-plugins.js.faces?ln=primefaces&v=4.0 HTTP/1.1" 304 0 
0:0:0:0:0:0:0:1 -  -  [10/May/2015:16:09:46 +0000] "GET /h2project/javax.faces.resource/js/main.js.faces HTTP/1.1" 304 0 
0:0:0:0:0:0:0:1 -  -  [10/May/2015:16:09:46 +0000] "GET /h2project/javax.faces.resource/layout/layout.js.faces?ln=primefaces&v=4.0 HTTP/1.1" 304 0 
0:0:0:0:0:0:0:1 -  -  [10/May/2015:16:09:46 +0000] "GET /h2project/javax.faces.resource/js/primefaces-locale.js.faces HTTP/1.1" 304 0 
0:0:0:0:0:0:0:1 -  -  [10/May/2015:16:09:46 +0000] "GET /h2project/javax.faces.resource/jquery/jquery.js.faces?ln=primefaces&v=4.0 HTTP/1.1" 304 0 
0:0:0:0:0:0:0:1 -  -  [10/May/2015:16:09:46 +0000] "GET /h2project/javax.faces.resource/jsf.js.faces?ln=javax.faces&stage=Development HTTP/1.1" 304 0 
0:0:0:0:0:0:0:1 -  -  [10/May/2015:16:09:46 +0000] "GET /h2project/javax.faces.resource/primefaces.js.faces?ln=primefaces&v=4.0 HTTP/1.1" 304 0 
0:0:0:0:0:0:0:1 -  -  [10/May/2015:16:09:49 +0000] "POST /h2project/home.faces HTTP/1.1" 302 0 
0:0:0:0:0:0:0:1 -  -  [10/May/2015:16:09:50 +0000] "GET /h2project/domain/accountEdit.faces?_cid=2c1 HTTP/1.1" 403 11453 
0:0:0:0:0:0:0:1 -  -  [10/May/2015:16:09:50 +0000] "GET /h2project/javax.faces.resource/theme.css.faces?ln=primefaces-bootstrap HTTP/1.1" 304 0 
0:0:0:0:0:0:0:1 -  -  [10/May/2015:16:09:50 +0000] "GET /h2project/javax.faces.resource/css/main.css.faces HTTP/1.1" 304 0 
0:0:0:0:0:0:0:1 -  -  [10/May/2015:16:09:50 +0000] "GET /h2project/javax.faces.resource/layout/layout.css.faces?ln=primefaces&v=4.0 HTTP/1.1" 304 0 
0:0:0:0:0:0:0:1 -  -  [10/May/2015:16:09:50 +0000] "GET /h2project/javax.faces.resource/primefaces.js.faces?ln=primefaces&v=4.0 HTTP/1.1" 304 0 
0:0:0:0:0:0:0:1 -  -  [10/May/2015:16:09:50 +0000] "GET /h2project/javax.faces.resource/js/main.js.faces HTTP/1.1" 304 0 
0:0:0:0:0:0:0:1 -  -  [10/May/2015:16:09:50 +0000] "GET /h2project/javax.faces.resource/jquery/jquery.js.faces?ln=primefaces&v=4.0 HTTP/1.1" 304 0 
0:0:0:0:0:0:0:1 -  -  [10/May/2015:16:09:50 +0000] "GET /h2project/javax.faces.resource/jquery/jquery-plugins.js.faces?ln=primefaces&v=4.0 HTTP/1.1" 304 0 
0:0:0:0:0:0:0:1 -  -  [10/May/2015:16:09:50 +0000] "GET /h2project/javax.faces.resource/primefaces.css.faces?ln=primefaces&v=4.0 HTTP/1.1" 304 0 
0:0:0:0:0:0:0:1 -  -  [10/May/2015:16:09:50 +0000] "GET /h2project/javax.faces.resource/layout/layout.js.faces?ln=primefaces&v=4.0 HTTP/1.1" 304 0 
0:0:0:0:0:0:0:1 -  -  [10/May/2015:16:09:50 +0000] "GET /h2project/javax.faces.resource/js/primefaces-locale.js.faces HTTP/1.1" 304 0 
0:0:0:0:0:0:0:1 -  -  [10/May/2015:16:09:55 +0000] "GET /h2project/logout.faces HTTP/1.1" 302 0 
0:0:0:0:0:0:0:1 -  -  [10/May/2015:16:09:55 +0000] "GET /h2project/home.faces HTTP/1.1" 200 3379 
0:0:0:0:0:0:0:1 -  -  [10/May/2015:16:09:55 +0000] "GET /h2project/javax.faces.resource/css/main.css.faces HTTP/1.1" 304 0 
0:0:0:0:0:0:0:1 -  -  [10/May/2015:16:09:55 +0000] "GET /h2project/javax.faces.resource/jquery/jquery-plugins.js.faces?ln=primefaces&v=4.0 HTTP/1.1" 304 0 
0:0:0:0:0:0:0:1 -  -  [10/May/2015:16:09:55 +0000] "GET /h2project/javax.faces.resource/theme.css.faces?ln=primefaces-bootstrap HTTP/1.1" 304 0 
0:0:0:0:0:0:0:1 -  -  [10/May/2015:16:09:55 +0000] "GET /h2project/javax.faces.resource/jquery/jquery.js.faces?ln=primefaces&v=4.0 HTTP/1.1" 304 0 
0:0:0:0:0:0:0:1 -  -  [10/May/2015:16:09:55 +0000] "GET /h2project/javax.faces.resource/js/primefaces-locale.js.faces HTTP/1.1" 304 0 
0:0:0:0:0:0:0:1 -  -  [10/May/2015:16:09:55 +0000] "GET /h2project/javax.faces.resource/layout/layout.js.faces?ln=primefaces&v=4.0 HTTP/1.1" 304 0 
0:0:0:0:0:0:0:1 -  -  [10/May/2015:16:09:55 +0000] "GET /h2project/javax.faces.resource/primefaces.js.faces?ln=primefaces&v=4.0 HTTP/1.1" 304 0 
0:0:0:0:0:0:0:1 -  -  [10/May/2015:16:09:55 +0000] "GET /h2project/javax.faces.resource/layout/layout.css.faces?ln=primefaces&v=4.0 HTTP/1.1" 304 0 
0:0:0:0:0:0:0:1 -  -  [10/May/2015:16:09:55 +0000] "GET /h2project/javax.faces.resource/primefaces.css.faces?ln=primefaces&v=4.0 HTTP/1.1" 304 0 
0:0:0:0:0:0:0:1 -  -  [10/May/2015:16:09:55 +0000] "GET /h2project/javax.faces.resource/jsf.js.faces?ln=javax.faces&stage=Development HTTP/1.1" 304 0 
0:0:0:0:0:0:0:1 -  -  [10/May/2015:16:09:55 +0000] "GET /h2project/javax.faces.resource/js/main.js.faces HTTP/1.1" 304 0 
0:0:0:0:0:0:0:1 -  -  [10/May/2015:16:09:57 +0000] "GET /h2project/login.faces HTTP/1.1" 200 2602 
0:0:0:0:0:0:0:1 -  -  [10/May/2015:16:09:57 +0000] "GET /h2project/javax.faces.resource/css/main.css.faces HTTP/1.1" 304 0 
0:0:0:0:0:0:0:1 -  -  [10/May/2015:16:09:57 +0000] "GET /h2project/javax.faces.resource/theme.css.faces?ln=primefaces-bootstrap HTTP/1.1" 304 0 
0:0:0:0:0:0:0:1 -  -  [10/May/2015:16:09:57 +0000] "GET /h2project/javax.faces.resource/primefaces.js.faces?ln=primefaces&v=4.0 HTTP/1.1" 304 0 
0:0:0:0:0:0:0:1 -  -  [10/May/2015:16:09:57 +0000] "GET /h2project/javax.faces.resource/layout/layout.js.faces?ln=primefaces&v=4.0 HTTP/1.1" 304 0 
0:0:0:0:0:0:0:1 -  -  [10/May/2015:16:09:57 +0000] "GET /h2project/javax.faces.resource/primefaces.css.faces?ln=primefaces&v=4.0 HTTP/1.1" 304 0 
0:0:0:0:0:0:0:1 -  -  [10/May/2015:16:09:57 +0000] "GET /h2project/javax.faces.resource/js/main.js.faces HTTP/1.1" 304 0 
0:0:0:0:0:0:0:1 -  -  [10/May/2015:16:09:57 +0000] "GET /h2project/javax.faces.resource/jquery/jquery-plugins.js.faces?ln=primefaces&v=4.0 HTTP/1.1" 304 0 
0:0:0:0:0:0:0:1 -  -  [10/May/2015:16:09:57 +0000] "GET /h2project/javax.faces.resource/js/primefaces-locale.js.faces HTTP/1.1" 304 0 
0:0:0:0:0:0:0:1 -  -  [10/May/2015:16:09:57 +0000] "GET /h2project/javax.faces.resource/jquery/jquery.js.faces?ln=primefaces&v=4.0 HTTP/1.1" 304 0 
0:0:0:0:0:0:0:1 -  -  [10/May/2015:16:09:57 +0000] "GET /h2project/javax.faces.resource/layout/layout.css.faces?ln=primefaces&v=4.0 HTTP/1.1" 304 0 
0:0:0:0:0:0:0:1 -  -  [10/May/2015:16:09:57 +0000] "GET /h2project/javax.faces.resource/spacer/dot_clear.gif.faces?ln=primefaces&v=4.0 HTTP/1.1" 304 0 
0:0:0:0:0:0:0:1 -  -  [10/May/2015:16:10:07 +0000] "POST /h2project/login.faces HTTP/1.1" 200 125 
0:0:0:0:0:0:0:1 -  -  [10/May/2015:16:10:07 +0000] "GET /h2project/home.faces HTTP/1.1" 200 3436 
0:0:0:0:0:0:0:1 -  -  [10/May/2015:16:10:08 +0000] "GET /h2project/javax.faces.resource/css/main.css.faces HTTP/1.1" 304 0 
0:0:0:0:0:0:0:1 -  -  [10/May/2015:16:10:08 +0000] "GET /h2project/javax.faces.resource/primefaces.js.faces?ln=primefaces&v=4.0 HTTP/1.1" 304 0 
0:0:0:0:0:0:0:1 -  -  [10/May/2015:16:10:08 +0000] "GET /h2project/javax.faces.resource/jquery/jquery-plugins.js.faces?ln=primefaces&v=4.0 HTTP/1.1" 304 0 
0:0:0:0:0:0:0:1 -  -  [10/May/2015:16:10:08 +0000] "GET /h2project/javax.faces.resource/layout/layout.js.faces?ln=primefaces&v=4.0 HTTP/1.1" 304 0 
0:0:0:0:0:0:0:1 -  -  [10/May/2015:16:10:08 +0000] "GET /h2project/javax.faces.resource/jquery/jquery.js.faces?ln=primefaces&v=4.0 HTTP/1.1" 304 0 
0:0:0:0:0:0:0:1 -  -  [10/May/2015:16:10:08 +0000] "GET /h2project/javax.faces.resource/layout/layout.css.faces?ln=primefaces&v=4.0 HTTP/1.1" 304 0 
0:0:0:0:0:0:0:1 -  -  [10/May/2015:16:10:08 +0000] "GET /h2project/javax.faces.resource/theme.css.faces?ln=primefaces-bootstrap HTTP/1.1" 304 0 
0:0:0:0:0:0:0:1 -  -  [10/May/2015:16:10:08 +0000] "GET /h2project/javax.faces.resource/primefaces.css.faces?ln=primefaces&v=4.0 HTTP/1.1" 304 0 
0:0:0:0:0:0:0:1 -  -  [10/May/2015:16:10:08 +0000] "GET /h2project/javax.faces.resource/js/main.js.faces HTTP/1.1" 304 0 
0:0:0:0:0:0:0:1 -  -  [10/May/2015:16:10:08 +0000] "GET /h2project/javax.faces.resource/js/primefaces-locale.js.faces HTTP/1.1" 304 0 
0:0:0:0:0:0:0:1 -  -  [10/May/2015:16:10:08 +0000] "GET /h2project/javax.faces.resource/jsf.js.faces?ln=javax.faces&stage=Development HTTP/1.1" 304 0 
0:0:0:0:0:0:0:1 -  -  [10/May/2015:16:12:06 +0000] "GET /h2project/home.faces HTTP/1.1" 200 3435 
0:0:0:0:0:0:0:1 -  -  [10/May/2015:16:12:13 +0000] "GET /h2project/monitoring HTTP/1.1" 200 13865 
0:0:0:0:0:0:0:1 -  -  [10/May/2015:16:12:14 +0000] "GET /h2project/monitoring?resource=resizable_tables.js HTTP/1.1" 200 7003 
0:0:0:0:0:0:0:1 -  -  [10/May/2015:16:12:14 +0000] "GET /h2project/monitoring?resource=monitoring.css HTTP/1.1" 200 2647 
0:0:0:0:0:0:0:1 -  -  [10/May/2015:16:12:14 +0000] "GET /h2project/monitoring?resource=sorttable.js HTTP/1.1" 200 17234 
0:0:0:0:0:0:0:1 -  -  [10/May/2015:16:12:14 +0000] "GET /h2project/monitoring?resource=systemmonitor.png HTTP/1.1" 200 1878 
0:0:0:0:0:0:0:1 -  -  [10/May/2015:16:12:14 +0000] "GET /h2project/monitoring?resource=effects.js HTTP/1.1" 200 33802 
0:0:0:0:0:0:0:1 -  -  [10/May/2015:16:12:15 +0000] "GET /h2project/monitoring?resource=donate.gif HTTP/1.1" 200 1714 
0:0:0:0:0:0:0:1 -  -  [10/May/2015:16:12:14 +0000] "GET /h2project/monitoring?resource=prototype.js HTTP/1.1" 200 61894 
0:0:0:0:0:0:0:1 -  -  [10/May/2015:16:12:15 +0000] "GET /h2project/monitoring?resource=action_refresh.png HTTP/1.1" 200 391 
0:0:0:0:0:0:0:1 -  -  [10/May/2015:16:12:15 +0000] "GET /h2project/monitoring?resource=action_help.png HTTP/1.1" 200 786 
0:0:0:0:0:0:0:1 -  -  [10/May/2015:16:12:15 +0000] "GET /h2project/monitoring?resource=calendar_view_day.png HTTP/1.1" 200 572 
0:0:0:0:0:0:0:1 -  -  [10/May/2015:16:12:15 +0000] "GET /h2project/monitoring?resource=calendar_view_week.png HTTP/1.1" 200 480 
0:0:0:0:0:0:0:1 -  -  [10/May/2015:16:12:15 +0000] "GET /h2project/monitoring?resource=calendar_view_month.png HTTP/1.1" 200 595 
0:0:0:0:0:0:0:1 -  -  [10/May/2015:16:12:15 +0000] "GET /h2project/monitoring?resource=calendar.png HTTP/1.1" 200 675 
0:0:0:0:0:0:0:1 -  -  [10/May/2015:16:12:15 +0000] "GET /h2project/monitoring?width=200&height=50&graph=usedMemory HTTP/1.1" 200 3530 
0:0:0:0:0:0:0:1 -  -  [10/May/2015:16:12:15 +0000] "GET /h2project/monitoring?width=200&height=50&graph=usedConnections HTTP/1.1" 200 3579 
0:0:0:0:0:0:0:1 -  -  [10/May/2015:16:12:16 +0000] "GET /h2project/monitoring?resource=backgroundGradient.png HTTP/1.1" 200 330 
0:0:0:0:0:0:0:1 -  -  [10/May/2015:16:12:15 +0000] "GET /h2project/monitoring?width=200&height=50&graph=cpu HTTP/1.1" 200 3292 
0:0:0:0:0:0:0:1 -  -  [10/May/2015:16:12:16 +0000] "GET /h2project/monitoring?resource=db.png HTTP/1.1" 200 6340 
0:0:0:0:0:0:0:1 -  -  [10/May/2015:16:12:15 +0000] "GET /h2project/monitoring?width=200&height=50&graph=httpSessions HTTP/1.1" 200 3550 
0:0:0:0:0:0:0:1 -  -  [10/May/2015:16:12:16 +0000] "GET /h2project/monitoring?resource=dbweb.png HTTP/1.1" 200 6199 
0:0:0:0:0:0:0:1 -  -  [10/May/2015:16:12:15 +0000] "GET /h2project/monitoring?width=200&height=50&graph=activeThreads HTTP/1.1" 200 3485 
0:0:0:0:0:0:0:1 -  -  [10/May/2015:16:12:15 +0000] "GET /h2project/monitoring?width=200&height=50&graph=activeConnections HTTP/1.1" 200 3661 
0:0:0:0:0:0:0:1 -  -  [10/May/2015:16:12:16 +0000] "GET /h2project/monitoring?resource=bullets/plus.png HTTP/1.1" 200 960 
0:0:0:0:0:0:0:1 -  -  [10/May/2015:16:12:16 +0000] "GET /h2project/monitoring?width=200&height=50&graph=httpMeanTimes HTTP/1.1" 200 3867 
0:0:0:0:0:0:0:1 -  -  [10/May/2015:16:12:16 +0000] "GET /h2project/monitoring?width=200&height=50&graph=jsfMeanTimes HTTP/1.1" 200 3793 
0:0:0:0:0:0:0:1 -  -  [10/May/2015:16:12:16 +0000] "GET /h2project/monitoring?width=200&height=50&graph=httpSystemErrors HTTP/1.1" 200 3420 
0:0:0:0:0:0:0:1 -  -  [10/May/2015:16:12:17 +0000] "GET /h2project/monitoring?width=200&height=50&graph=jsfHitsRate HTTP/1.1" 200 3754 
0:0:0:0:0:0:0:1 -  -  [10/May/2015:16:12:17 +0000] "GET /h2project/monitoring?width=200&height=50&graph=sqlMeanTimes HTTP/1.1" 200 3618 
0:0:0:0:0:0:0:1 -  -  [10/May/2015:16:12:17 +0000] "GET /h2project/monitoring?width=200&height=50&graph=sqlSystemErrors HTTP/1.1" 200 3512 
0:0:0:0:0:0:0:1 -  -  [10/May/2015:16:12:17 +0000] "GET /h2project/monitoring?width=200&height=50&graph=httpHitsRate HTTP/1.1" 200 3532 
0:0:0:0:0:0:0:1 -  -  [10/May/2015:16:12:17 +0000] "GET /h2project/monitoring?width=200&height=50&graph=sqlHitsRate HTTP/1.1" 200 3574 
0:0:0:0:0:0:0:1 -  -  [10/May/2015:16:12:17 +0000] "GET /h2project/monitoring?width=200&height=50&graph=jsfSystemErrors HTTP/1.1" 200 3680 
0:0:0:0:0:0:0:1 -  -  [10/May/2015:16:12:17 +0000] "GET /h2project/monitoring?width=200&height=50&graph=gc HTTP/1.1" 200 3762 
0:0:0:0:0:0:0:1 -  -  [10/May/2015:16:12:17 +0000] "GET /h2project/monitoring?width=200&height=50&graph=threadCount HTTP/1.1" 200 3589 
0:0:0:0:0:0:0:1 -  -  [10/May/2015:16:12:17 +0000] "GET /h2project/monitoring?width=200&height=50&graph=loadedClassesCount HTTP/1.1" 200 3805 
0:0:0:0:0:0:0:1 -  -  [10/May/2015:16:12:17 +0000] "GET /h2project/monitoring?width=200&height=50&graph=usedPhysicalMemorySize HTTP/1.1" 200 3861 
0:0:0:0:0:0:0:1 -  -  [10/May/2015:16:12:17 +0000] "GET /h2project/monitoring?width=200&height=50&graph=usedNonHeapMemory HTTP/1.1" 200 3736 
0:0:0:0:0:0:0:1 -  -  [10/May/2015:16:12:17 +0000] "GET /h2project/monitoring?width=200&height=50&graph=jspHitsRate HTTP/1.1" 200 3472 
0:0:0:0:0:0:0:1 -  -  [10/May/2015:16:12:17 +0000] "GET /h2project/monitoring?width=200&height=50&graph=httpSessionsMeanAge HTTP/1.1" 200 4053 
0:0:0:0:0:0:0:1 -  -  [10/May/2015:16:12:17 +0000] "GET /h2project/monitoring?width=200&height=50&graph=jspMeanTimes HTTP/1.1" 200 3606 
0:0:0:0:0:0:0:1 -  -  [10/May/2015:16:12:18 +0000] "GET /h2project/monitoring?resource=error.png HTTP/1.1" 200 1461 
0:0:0:0:0:0:0:1 -  -  [10/May/2015:16:12:17 +0000] "GET /h2project/monitoring?width=200&height=50&graph=transactionsRate HTTP/1.1" 200 3710 
0:0:0:0:0:0:0:1 -  -  [10/May/2015:16:12:18 +0000] "GET /h2project/monitoring?resource=log.png HTTP/1.1" 200 1323 
0:0:0:0:0:0:0:1 -  -  [10/May/2015:16:12:18 +0000] "GET /h2project/monitoring?resource=hourglass.png HTTP/1.1" 200 2742 
0:0:0:0:0:0:0:1 -  -  [10/May/2015:16:12:18 +0000] "GET /h2project/monitoring?resource=systeminfo.png HTTP/1.1" 200 1845 
0:0:0:0:0:0:0:1 -  -  [10/May/2015:16:12:18 +0000] "GET /h2project/monitoring?resource=broom.png HTTP/1.1" 200 784 
0:0:0:0:0:0:0:1 -  -  [10/May/2015:16:12:17 +0000] "GET /h2project/monitoring?width=200&height=50&graph=usedSwapSpaceSize HTTP/1.1" 200 3481 
0:0:0:0:0:0:0:1 -  -  [10/May/2015:16:12:18 +0000] "GET /h2project/monitoring?resource=heapdump.png HTTP/1.1" 200 476 
0:0:0:0:0:0:0:1 -  -  [10/May/2015:16:12:18 +0000] "GET /h2project/monitoring?resource=memory.png HTTP/1.1" 200 9562 
0:0:0:0:0:0:0:1 -  -  [10/May/2015:16:12:18 +0000] "GET /h2project/monitoring?width=200&height=50&graph=jspSystemErrors HTTP/1.1" 200 3541 
0:0:0:0:0:0:0:1 -  -  [10/May/2015:16:12:18 +0000] "GET /h2project/monitoring?resource=user-trash.png HTTP/1.1" 200 1772 
0:0:0:0:0:0:0:1 -  -  [10/May/2015:16:12:18 +0000] "GET /h2project/monitoring?resource=system-users.png HTTP/1.1" 200 1883 
0:0:0:0:0:0:0:1 -  -  [10/May/2015:16:12:18 +0000] "GET /h2project/monitoring?resource=xml.png HTTP/1.1" 200 603 
0:0:0:0:0:0:0:1 -  -  [10/May/2015:16:12:18 +0000] "GET /h2project/monitoring?resource=mbeans.png HTTP/1.1" 200 1915 
0:0:0:0:0:0:0:1 -  -  [10/May/2015:16:12:18 +0000] "GET /h2project/monitoring?resource=processes.png HTTP/1.1" 200 3057 
0:0:0:0:0:0:0:1 -  -  [10/May/2015:16:12:18 +0000] "GET /h2project/monitoring?resource=jndi.png HTTP/1.1" 200 1373 
0:0:0:0:0:0:0:1 -  -  [10/May/2015:16:12:18 +0000] "GET /h2project/monitoring?resource=bar/rb_a.gif HTTP/1.1" 200 839 
0:0:0:0:0:0:0:1 -  -  [10/May/2015:16:12:18 +0000] "GET /h2project/monitoring?resource=bar/rb_5.gif HTTP/1.1" 200 84 
0:0:0:0:0:0:0:1 -  -  [10/May/2015:16:12:18 +0000] "GET /h2project/monitoring?resource=bar/rb_2.gif HTTP/1.1" 200 121 
0:0:0:0:0:0:0:1 -  -  [10/May/2015:16:12:18 +0000] "GET /h2project/monitoring?resource=bar/rb_0.gif HTTP/1.1" 200 77 
0:0:0:0:0:0:0:1 -  -  [10/May/2015:16:12:18 +0000] "GET /h2project/monitoring?resource=bar/rb_b0.gif HTTP/1.1" 200 155 
0:0:0:0:0:0:0:1 -  -  [10/May/2015:16:12:18 +0000] "GET /h2project/monitoring?resource=bar/rb_a0.gif HTTP/1.1" 200 154 
0:0:0:0:0:0:0:1 -  -  [10/May/2015:16:12:18 +0000] "GET /h2project/monitoring?resource=servers/windows.png HTTP/1.1" 200 3685 
0:0:0:0:0:0:0:1 -  -  [10/May/2015:16:12:18 +0000] "GET /h2project/monitoring?resource=alert.png HTTP/1.1" 200 1047 
0:0:0:0:0:0:0:1 -  -  [10/May/2015:16:12:18 +0000] "GET /h2project/monitoring?resource=servers/jetty.png HTTP/1.1" 200 746 
0:0:0:0:0:0:0:1 -  -  [10/May/2015:16:12:18 +0000] "GET /h2project/monitoring?resource=bar/rb_3.gif HTTP/1.1" 200 120 
0:0:0:0:0:0:0:1 -  -  [10/May/2015:16:12:18 +0000] "GET /h2project/monitoring?resource=threads.png HTTP/1.1" 200 2399 
0:0:0:0:0:0:0:1 -  -  [10/May/2015:16:12:18 +0000] "GET /h2project/monitoring?resource=stop.png HTTP/1.1" 200 700 
0:0:0:0:0:0:0:1 -  -  [10/May/2015:16:12:18 +0000] "GET /h2project/monitoring?resource=bullets/green.png HTTP/1.1" 200 602 
0:0:0:0:0:0:0:1 -  -  [10/May/2015:16:12:18 +0000] "GET /h2project/monitoring?resource=bullets/yellow.png HTTP/1.1" 200 666 
0:0:0:0:0:0:0:1 -  -  [10/May/2015:16:12:18 +0000] "GET /h2project/monitoring?resource=bullets/blue.png HTTP/1.1" 200 661 
0:0:0:0:0:0:0:1 -  -  [10/May/2015:16:12:18 +0000] "GET /h2project/monitoring?resource=text.png HTTP/1.1" 200 333 
0:0:0:0:0:0:0:1 -  -  [10/May/2015:16:12:18 +0000] "GET /h2project/monitoring?resource=caches.png HTTP/1.1" 200 1239 
0:0:0:0:0:0:0:1 -  -  [10/May/2015:16:12:18 +0000] "GET /h2project/monitoring?resource=jsp.png HTTP/1.1" 200 3446 
0:0:0:0:0:0:0:1 -  -  [10/May/2015:16:12:43 +0000] "GET /h2project/monitoring?resource=bullets/minus.png HTTP/1.1" 200 957 
0:0:0:0:0:0:0:1 -  -  [10/May/2015:16:12:48 +0000] "GET /h2project/monitoring?graph=sqlfb91f01900b64144ab06b85df3c270ea4c3f4f3b&width=100&height=50 HTTP/1.1" 200 654 
0:0:0:0:0:0:0:1 -  -  [10/May/2015:16:12:48 +0000] "GET /h2project/monitoring?graph=sql9f9e7065d3d446b4d6e61801f9c57ee6cf78881a&width=100&height=50 HTTP/1.1" 200 654 
0:0:0:0:0:0:0:1 -  -  [10/May/2015:16:21:44 +0000] "GET /h2project/home.faces HTTP/1.1" 200 3436 
0:0:0:0:0:0:0:1 -  -  [10/May/2015:16:21:57 +0000] "GET /h2project/javax.faces.resource/css/main.css.faces HTTP/1.1" 304 0 
0:0:0:0:0:0:0:1 -  -  [10/May/2015:16:19:03 +0000] "GET /h2project/home.faces HTTP/1.1" 200 3434 
0:0:0:0:0:0:0:1 -  -  [10/May/2015:16:21:57 +0000] "GET /h2project/javax.faces.resource/layout/layout.css.faces?ln=primefaces&v=4.0 HTTP/1.1" 304 0 
0:0:0:0:0:0:0:1 -  -  [10/May/2015:16:21:57 +0000] "GET /h2project/javax.faces.resource/theme.css.faces?ln=primefaces-bootstrap HTTP/1.1" 304 0 
0:0:0:0:0:0:0:1 -  -  [10/May/2015:16:19:58 +0000] "GET /h2project/login.faces HTTP/1.1" 200 2602 
0:0:0:0:0:0:0:1 -  -  [10/May/2015:16:21:57 +0000] "GET /h2project/javax.faces.resource/jquery/jquery.js.faces?ln=primefaces&v=4.0 HTTP/1.1" 304 0 
0:0:0:0:0:0:0:1 -  -  [10/May/2015:16:21:57 +0000] "GET /h2project/javax.faces.resource/primefaces.js.faces?ln=primefaces&v=4.0 HTTP/1.1" 304 0 
0:0:0:0:0:0:0:1 -  -  [10/May/2015:16:21:57 +0000] "GET /h2project/javax.faces.resource/jquery/jquery-plugins.js.faces?ln=primefaces&v=4.0 HTTP/1.1" 304 0 
0:0:0:0:0:0:0:1 -  -  [10/May/2015:16:21:57 +0000] "GET /h2project/javax.faces.resource/primefaces.css.faces?ln=primefaces&v=4.0 HTTP/1.1" 304 0 
0:0:0:0:0:0:0:1 -  -  [10/May/2015:16:21:57 +0000] "GET /h2project/javax.faces.resource/layout/layout.js.faces?ln=primefaces&v=4.0 HTTP/1.1" 304 0 
0:0:0:0:0:0:0:1 -  -  [10/May/2015:16:21:57 +0000] "GET /h2project/javax.faces.resource/js/main.js.faces HTTP/1.1" 304 0 
0:0:0:0:0:0:0:1 -  -  [10/May/2015:16:21:57 +0000] "GET /h2project/javax.faces.resource/js/primefaces-locale.js.faces HTTP/1.1" 304 0 
0:0:0:0:0:0:0:1 -  -  [10/May/2015:16:21:57 +0000] "GET /h2project/javax.faces.resource/jsf.js.faces?ln=javax.faces&stage=Development HTTP/1.1" 304 0 
0:0:0:0:0:0:0:1 -  -  [10/May/2015:16:20:01 +0000] "GET /h2project/home.faces HTTP/1.1" 200 3436 
0:0:0:0:0:0:0:1 -  -  [10/May/2015:16:22:06 +0000] "GET /h2project/logout.faces HTTP/1.1" 302 0 
0:0:0:0:0:0:0:1 -  -  [10/May/2015:16:22:06 +0000] "GET /h2project/home.faces HTTP/1.1" 200 3382 
0:0:0:0:0:0:0:1 -  -  [10/May/2015:16:22:07 +0000] "GET /h2project/javax.faces.resource/css/main.css.faces HTTP/1.1" 304 0 
0:0:0:0:0:0:0:1 -  -  [10/May/2015:16:22:07 +0000] "GET /h2project/javax.faces.resource/primefaces.js.faces?ln=primefaces&v=4.0 HTTP/1.1" 304 0 
0:0:0:0:0:0:0:1 -  -  [10/May/2015:16:22:07 +0000] "GET /h2project/javax.faces.resource/primefaces.css.faces?ln=primefaces&v=4.0 HTTP/1.1" 304 0 
0:0:0:0:0:0:0:1 -  -  [10/May/2015:16:22:07 +0000] "GET /h2project/javax.faces.resource/theme.css.faces?ln=primefaces-bootstrap HTTP/1.1" 304 0 
0:0:0:0:0:0:0:1 -  -  [10/May/2015:16:22:07 +0000] "GET /h2project/javax.faces.resource/jquery/jquery-plugins.js.faces?ln=primefaces&v=4.0 HTTP/1.1" 304 0 
0:0:0:0:0:0:0:1 -  -  [10/May/2015:16:22:07 +0000] "GET /h2project/javax.faces.resource/jquery/jquery.js.faces?ln=primefaces&v=4.0 HTTP/1.1" 304 0 
0:0:0:0:0:0:0:1 -  -  [10/May/2015:16:22:07 +0000] "GET /h2project/javax.faces.resource/layout/layout.css.faces?ln=primefaces&v=4.0 HTTP/1.1" 304 0 
0:0:0:0:0:0:0:1 -  -  [10/May/2015:16:22:07 +0000] "GET /h2project/javax.faces.resource/layout/layout.js.faces?ln=primefaces&v=4.0 HTTP/1.1" 304 0 
0:0:0:0:0:0:0:1 -  -  [10/May/2015:16:22:07 +0000] "GET /h2project/javax.faces.resource/js/main.js.faces HTTP/1.1" 304 0 
0:0:0:0:0:0:0:1 -  -  [10/May/2015:16:22:07 +0000] "GET /h2project/javax.faces.resource/js/primefaces-locale.js.faces HTTP/1.1" 304 0 
0:0:0:0:0:0:0:1 -  -  [10/May/2015:16:22:07 +0000] "GET /h2project/javax.faces.resource/jsf.js.faces?ln=javax.faces&stage=Development HTTP/1.1" 304 0 
0:0:0:0:0:0:0:1 -  -  [10/May/2015:16:22:09 +0000] "GET /h2project/login.faces HTTP/1.1" 200 2601 
0:0:0:0:0:0:0:1 -  -  [10/May/2015:16:22:10 +0000] "GET /h2project/javax.faces.resource/css/main.css.faces HTTP/1.1" 304 0 
0:0:0:0:0:0:0:1 -  -  [10/May/2015:16:22:10 +0000] "GET /h2project/javax.faces.resource/primefaces.js.faces?ln=primefaces&v=4.0 HTTP/1.1" 304 0 
0:0:0:0:0:0:0:1 -  -  [10/May/2015:16:22:10 +0000] "GET /h2project/javax.faces.resource/jquery/jquery-plugins.js.faces?ln=primefaces&v=4.0 HTTP/1.1" 304 0 
0:0:0:0:0:0:0:1 -  -  [10/May/2015:16:22:10 +0000] "GET /h2project/javax.faces.resource/js/main.js.faces HTTP/1.1" 304 0 
0:0:0:0:0:0:0:1 -  -  [10/May/2015:16:22:10 +0000] "GET /h2project/javax.faces.resource/theme.css.faces?ln=primefaces-bootstrap HTTP/1.1" 304 0 
0:0:0:0:0:0:0:1 -  -  [10/May/2015:16:22:10 +0000] "GET /h2project/javax.faces.resource/layout/layout.js.faces?ln=primefaces&v=4.0 HTTP/1.1" 304 0 
0:0:0:0:0:0:0:1 -  -  [10/May/2015:16:22:10 +0000] "GET /h2project/javax.faces.resource/primefaces.css.faces?ln=primefaces&v=4.0 HTTP/1.1" 304 0 
0:0:0:0:0:0:0:1 -  -  [10/May/2015:16:22:10 +0000] "GET /h2project/javax.faces.resource/js/primefaces-locale.js.faces HTTP/1.1" 304 0 
0:0:0:0:0:0:0:1 -  -  [10/May/2015:16:22:10 +0000] "GET /h2project/javax.faces.resource/spacer/dot_clear.gif.faces?ln=primefaces&v=4.0 HTTP/1.1" 304 0 
0:0:0:0:0:0:0:1 -  -  [10/May/2015:16:22:10 +0000] "GET /h2project/javax.faces.resource/layout/layout.css.faces?ln=primefaces&v=4.0 HTTP/1.1" 304 0 
0:0:0:0:0:0:0:1 -  -  [10/May/2015:16:22:10 +0000] "GET /h2project/javax.faces.resource/jquery/jquery.js.faces?ln=primefaces&v=4.0 HTTP/1.1" 304 0 
0:0:0:0:0:0:0:1 -  -  [10/May/2015:16:22:14 +0000] "POST /h2project/login.faces HTTP/1.1" 200 125 
0:0:0:0:0:0:0:1 -  -  [10/May/2015:16:22:14 +0000] "GET /h2project/home.faces HTTP/1.1" 200 3434 
0:0:0:0:0:0:0:1 -  -  [10/May/2015:16:22:15 +0000] "GET /h2project/javax.faces.resource/css/main.css.faces HTTP/1.1" 304 0 
0:0:0:0:0:0:0:1 -  -  [10/May/2015:16:22:15 +0000] "GET /h2project/javax.faces.resource/theme.css.faces?ln=primefaces-bootstrap HTTP/1.1" 304 0 
0:0:0:0:0:0:0:1 -  -  [10/May/2015:16:22:15 +0000] "GET /h2project/javax.faces.resource/primefaces.css.faces?ln=primefaces&v=4.0 HTTP/1.1" 304 0 
0:0:0:0:0:0:0:1 -  -  [10/May/2015:16:22:15 +0000] "GET /h2project/javax.faces.resource/js/main.js.faces HTTP/1.1" 304 0 
0:0:0:0:0:0:0:1 -  -  [10/May/2015:16:22:15 +0000] "GET /h2project/javax.faces.resource/layout/layout.css.faces?ln=primefaces&v=4.0 HTTP/1.1" 304 0 
0:0:0:0:0:0:0:1 -  -  [10/May/2015:16:22:15 +0000] "GET /h2project/javax.faces.resource/primefaces.js.faces?ln=primefaces&v=4.0 HTTP/1.1" 304 0 
0:0:0:0:0:0:0:1 -  -  [10/May/2015:16:22:15 +0000] "GET /h2project/javax.faces.resource/js/primefaces-locale.js.faces HTTP/1.1" 304 0 
0:0:0:0:0:0:0:1 -  -  [10/May/2015:16:22:15 +0000] "GET /h2project/javax.faces.resource/layout/layout.js.faces?ln=primefaces&v=4.0 HTTP/1.1" 304 0 
0:0:0:0:0:0:0:1 -  -  [10/May/2015:16:22:15 +0000] "GET /h2project/javax.faces.resource/jquery/jquery-plugins.js.faces?ln=primefaces&v=4.0 HTTP/1.1" 304 0 
0:0:0:0:0:0:0:1 -  -  [10/May/2015:16:22:15 +0000] "GET /h2project/javax.faces.resource/jquery/jquery.js.faces?ln=primefaces&v=4.0 HTTP/1.1" 304 0 
0:0:0:0:0:0:0:1 -  -  [10/May/2015:16:22:15 +0000] "GET /h2project/javax.faces.resource/jsf.js.faces?ln=javax.faces&stage=Development HTTP/1.1" 304 0 
0:0:0:0:0:0:0:1 -  -  [10/May/2015:16:22:24 +0000] "POST /h2project/home.faces HTTP/1.1" 302 0 
0:0:0:0:0:0:0:1 -  -  [10/May/2015:16:22:24 +0000] "GET /h2project/domain/addressEdit.faces?_cid=1c1 HTTP/1.1" 200 3449 
0:0:0:0:0:0:0:1 -  -  [10/May/2015:16:22:26 +0000] "GET /h2project/javax.faces.resource/css/main.css.faces HTTP/1.1" 304 0 
0:0:0:0:0:0:0:1 -  -  [10/May/2015:16:22:26 +0000] "GET /h2project/javax.faces.resource/jquery/jquery-plugins.js.faces?ln=primefaces&v=4.0 HTTP/1.1" 304 0 
0:0:0:0:0:0:0:1 -  -  [10/May/2015:16:22:26 +0000] "GET /h2project/javax.faces.resource/theme.css.faces?ln=primefaces-bootstrap HTTP/1.1" 304 0 
0:0:0:0:0:0:0:1 -  -  [10/May/2015:16:22:26 +0000] "GET /h2project/javax.faces.resource/primefaces.js.faces?ln=primefaces&v=4.0 HTTP/1.1" 304 0 
0:0:0:0:0:0:0:1 -  -  [10/May/2015:16:22:26 +0000] "GET /h2project/javax.faces.resource/primefaces.css.faces?ln=primefaces&v=4.0 HTTP/1.1" 304 0 
0:0:0:0:0:0:0:1 -  -  [10/May/2015:16:22:26 +0000] "GET /h2project/javax.faces.resource/jquery/jquery.js.faces?ln=primefaces&v=4.0 HTTP/1.1" 304 0 
0:0:0:0:0:0:0:1 -  -  [10/May/2015:16:22:26 +0000] "GET /h2project/javax.faces.resource/js/main.js.faces HTTP/1.1" 304 0 
0:0:0:0:0:0:0:1 -  -  [10/May/2015:16:22:26 +0000] "GET /h2project/javax.faces.resource/js/primefaces-locale.js.faces HTTP/1.1" 304 0 
0:0:0:0:0:0:0:1 -  -  [10/May/2015:16:22:26 +0000] "GET /h2project/javax.faces.resource/layout/layout.css.faces?ln=primefaces&v=4.0 HTTP/1.1" 304 0 
0:0:0:0:0:0:0:1 -  -  [10/May/2015:16:22:26 +0000] "GET /h2project/javax.faces.resource/layout/layout.js.faces?ln=primefaces&v=4.0 HTTP/1.1" 304 0 
0:0:0:0:0:0:0:1 -  -  [10/May/2015:16:22:28 +0000] "POST /h2project/domain/addressEdit.faces HTTP/1.1" 200 191 
0:0:0:0:0:0:0:1 -  -  [10/May/2015:16:22:32 +0000] "POST /h2project/domain/addressEdit.faces HTTP/1.1" 200 633 
0:0:0:0:0:0:0:1 -  -  [10/May/2015:16:22:32 +0000] "GET /h2project/javax.faces.resource/messages/messages.png.faces?ln=primefaces&v=4.0 HTTP/1.1" 200 27209 
0:0:0:0:0:0:0:1 -  -  [10/May/2015:16:22:42 +0000] "POST /h2project/domain/addressEdit.faces HTTP/1.1" 200 191 
0:0:0:0:0:0:0:1 -  -  [10/May/2015:16:22:48 +0000] "POST /h2project/domain/addressEdit.faces HTTP/1.1" 302 0 
0:0:0:0:0:0:0:1 -  -  [10/May/2015:16:22:48 +0000] "GET /h2project/home.faces HTTP/1.1" 200 3435 
0:0:0:0:0:0:0:1 -  -  [10/May/2015:16:22:48 +0000] "GET /h2project/javax.faces.resource/css/main.css.faces HTTP/1.1" 304 0 
0:0:0:0:0:0:0:1 -  -  [10/May/2015:16:22:48 +0000] "GET /h2project/javax.faces.resource/primefaces.js.faces?ln=primefaces&v=4.0 HTTP/1.1" 304 0 
0:0:0:0:0:0:0:1 -  -  [10/May/2015:16:22:48 +0000] "GET /h2project/javax.faces.resource/layout/layout.css.faces?ln=primefaces&v=4.0 HTTP/1.1" 304 0 
0:0:0:0:0:0:0:1 -  -  [10/May/2015:16:22:48 +0000] "GET /h2project/javax.faces.resource/primefaces.css.faces?ln=primefaces&v=4.0 HTTP/1.1" 304 0 
0:0:0:0:0:0:0:1 -  -  [10/May/2015:16:22:48 +0000] "GET /h2project/javax.faces.resource/jquery/jquery-plugins.js.faces?ln=primefaces&v=4.0 HTTP/1.1" 304 0 
0:0:0:0:0:0:0:1 -  -  [10/May/2015:16:22:48 +0000] "GET /h2project/javax.faces.resource/js/main.js.faces HTTP/1.1" 304 0 
0:0:0:0:0:0:0:1 -  -  [10/May/2015:16:22:48 +0000] "GET /h2project/javax.faces.resource/theme.css.faces?ln=primefaces-bootstrap HTTP/1.1" 304 0 
0:0:0:0:0:0:0:1 -  -  [10/May/2015:16:22:48 +0000] "GET /h2project/javax.faces.resource/js/primefaces-locale.js.faces HTTP/1.1" 304 0 
0:0:0:0:0:0:0:1 -  -  [10/May/2015:16:22:48 +0000] "GET /h2project/javax.faces.resource/layout/layout.js.faces?ln=primefaces&v=4.0 HTTP/1.1" 304 0 
0:0:0:0:0:0:0:1 -  -  [10/May/2015:16:22:48 +0000] "GET /h2project/javax.faces.resource/jquery/jquery.js.faces?ln=primefaces&v=4.0 HTTP/1.1" 304 0 
0:0:0:0:0:0:0:1 -  -  [10/May/2015:16:22:48 +0000] "GET /h2project/javax.faces.resource/jsf.js.faces?ln=javax.faces&stage=Development HTTP/1.1" 304 0 
0:0:0:0:0:0:0:1 -  -  [10/May/2015:16:22:52 +0000] "POST /h2project/home.faces HTTP/1.1" 302 0 
0:0:0:0:0:0:0:1 -  -  [10/May/2015:16:22:52 +0000] "GET /h2project/domain/addressSelect.faces?_cid=2c1 HTTP/1.1" 200 5155 
0:0:0:0:0:0:0:1 -  -  [10/May/2015:16:22:53 +0000] "GET /h2project/javax.faces.resource/css/main.css.faces HTTP/1.1" 304 0 
0:0:0:0:0:0:0:1 -  -  [10/May/2015:16:22:53 +0000] "GET /h2project/javax.faces.resource/layout/layout.css.faces?ln=primefaces&v=4.0 HTTP/1.1" 304 0 
0:0:0:0:0:0:0:1 -  -  [10/May/2015:16:22:53 +0000] "GET /h2project/javax.faces.resource/theme.css.faces?ln=primefaces-bootstrap HTTP/1.1" 304 0 
0:0:0:0:0:0:0:1 -  -  [10/May/2015:16:22:53 +0000] "GET /h2project/javax.faces.resource/jquery/jquery.js.faces?ln=primefaces&v=4.0 HTTP/1.1" 304 0 
0:0:0:0:0:0:0:1 -  -  [10/May/2015:16:22:53 +0000] "GET /h2project/javax.faces.resource/jquery/jquery-plugins.js.faces?ln=primefaces&v=4.0 HTTP/1.1" 304 0 
0:0:0:0:0:0:0:1 -  -  [10/May/2015:16:22:53 +0000] "GET /h2project/javax.faces.resource/primefaces.css.faces?ln=primefaces&v=4.0 HTTP/1.1" 304 0 
0:0:0:0:0:0:0:1 -  -  [10/May/2015:16:22:53 +0000] "GET /h2project/javax.faces.resource/js/main.js.faces HTTP/1.1" 304 0 
0:0:0:0:0:0:0:1 -  -  [10/May/2015:16:22:53 +0000] "GET /h2project/javax.faces.resource/js/primefaces-locale.js.faces HTTP/1.1" 304 0 
0:0:0:0:0:0:0:1 -  -  [10/May/2015:16:22:53 +0000] "GET /h2project/javax.faces.resource/primefaces.js.faces?ln=primefaces&v=4.0 HTTP/1.1" 304 0 
0:0:0:0:0:0:0:1 -  -  [10/May/2015:16:22:53 +0000] "GET /h2project/javax.faces.resource/layout/layout.js.faces?ln=primefaces&v=4.0 HTTP/1.1" 304 0 
0:0:0:0:0:0:0:1 -  -  [10/May/2015:16:22:53 +0000] "GET /h2project/javax.faces.resource/icons/ajaxloading.gif.faces HTTP/1.1" 200 634 
0:0:0:0:0:0:0:1 -  -  [10/May/2015:16:22:53 +0000] "GET /h2project/javax.faces.resource/icons/cross.png.faces HTTP/1.1" 200 655 
0:0:0:0:0:0:0:1 -  -  [10/May/2015:16:22:53 +0000] "GET /h2project/javax.faces.resource/icons/pencil.png.faces HTTP/1.1" 200 450 
0:0:0:0:0:0:0:1 -  -  [10/May/2015:16:22:53 +0000] "GET /h2project/javax.faces.resource/icons/excel.png.faces HTTP/1.1" 200 601 
0:0:0:0:0:0:0:1 -  -  [10/May/2015:16:22:53 +0000] "GET /h2project/javax.faces.resource/icons/eye.png.faces HTTP/1.1" 200 750 
0:0:0:0:0:0:0:1 -  -  [10/May/2015:16:22:53 +0000] "GET /h2project/javax.faces.resource/icons/find.png.faces HTTP/1.1" 200 659 
0:0:0:0:0:0:0:1 -  -  [10/May/2015:16:22:58 +0000] "POST /h2project/domain/addressSelect.faces HTTP/1.1" 200 320 
0:0:0:0:0:0:0:1 -  -  [10/May/2015:16:22:59 +0000] "POST /h2project/domain/addressSelect.faces HTTP/1.1" 200 321 
0:0:0:0:0:0:0:1 -  -  [10/May/2015:16:23:03 +0000] "POST /h2project/domain/addressSelect.faces HTTP/1.1" 200 1187 
0:0:0:0:0:0:0:1 -  -  [10/May/2015:16:23:08 +0000] "POST /h2project/domain/addressSelect.faces HTTP/1.1" 200 1481 
0:0:0:0:0:0:0:1 -  -  [10/May/2015:16:23:13 +0000] "POST /h2project/domain/addressSelect.faces HTTP/1.1" 200 321 
0:0:0:0:0:0:0:1 -  -  [10/May/2015:16:23:19 +0000] "POST /h2project/domain/addressSelect.faces HTTP/1.1" 200 320 
0:0:0:0:0:0:0:1 -  -  [10/May/2015:16:23:21 +0000] "POST /h2project/domain/addressSelect.faces HTTP/1.1" 200 321 
0:0:0:0:0:0:0:1 -  -  [10/May/2015:16:23:25 +0000] "POST /h2project/domain/addressSelect.faces HTTP/1.1" 200 1297 
0:0:0:0:0:0:0:1 -  -  [10/May/2015:16:24:51 +0000] "POST /h2project/domain/addressSelect.faces HTTP/1.1" 302 0 
0:0:0:0:0:0:0:1 -  -  [10/May/2015:16:24:51 +0000] "GET /h2project/home.faces HTTP/1.1" 200 3435 
0:0:0:0:0:0:0:1 -  -  [10/May/2015:16:24:52 +0000] "GET /h2project/javax.faces.resource/theme.css.faces?ln=primefaces-bootstrap HTTP/1.1" 304 0 
0:0:0:0:0:0:0:1 -  -  [10/May/2015:16:24:52 +0000] "GET /h2project/javax.faces.resource/primefaces.css.faces?ln=primefaces&v=4.0 HTTP/1.1" 304 0 
0:0:0:0:0:0:0:1 -  -  [10/May/2015:16:24:52 +0000] "GET /h2project/javax.faces.resource/jquery/jquery.js.faces?ln=primefaces&v=4.0 HTTP/1.1" 304 0 
0:0:0:0:0:0:0:1 -  -  [10/May/2015:16:24:52 +0000] "GET /h2project/javax.faces.resource/layout/layout.js.faces?ln=primefaces&v=4.0 HTTP/1.1" 304 0 
0:0:0:0:0:0:0:1 -  -  [10/May/2015:16:24:52 +0000] "GET /h2project/javax.faces.resource/layout/layout.css.faces?ln=primefaces&v=4.0 HTTP/1.1" 304 0 
0:0:0:0:0:0:0:1 -  -  [10/May/2015:16:24:52 +0000] "GET /h2project/javax.faces.resource/js/main.js.faces HTTP/1.1" 304 0 
0:0:0:0:0:0:0:1 -  -  [10/May/2015:16:24:52 +0000] "GET /h2project/javax.faces.resource/css/main.css.faces HTTP/1.1" 304 0 
0:0:0:0:0:0:0:1 -  -  [10/May/2015:16:24:52 +0000] "GET /h2project/javax.faces.resource/jquery/jquery-plugins.js.faces?ln=primefaces&v=4.0 HTTP/1.1" 304 0 
0:0:0:0:0:0:0:1 -  -  [10/May/2015:16:24:52 +0000] "GET /h2project/javax.faces.resource/js/primefaces-locale.js.faces HTTP/1.1" 304 0 
0:0:0:0:0:0:0:1 -  -  [10/May/2015:16:24:52 +0000] "GET /h2project/javax.faces.resource/primefaces.js.faces?ln=primefaces&v=4.0 HTTP/1.1" 304 0 
0:0:0:0:0:0:0:1 -  -  [10/May/2015:16:24:52 +0000] "GET /h2project/javax.faces.resource/jsf.js.faces?ln=javax.faces&stage=Development HTTP/1.1" 304 0 
0:0:0:0:0:0:0:1 -  -  [10/May/2015:16:24:59 +0000] "POST /h2project/home.faces HTTP/1.1" 200 147 
0:0:0:0:0:0:0:1 -  -  [10/May/2015:16:24:59 +0000] "GET /h2project/domain/bookSelect.faces?_cid=3c1 HTTP/1.1" 200 6105 
0:0:0:0:0:0:0:1 -  -  [10/May/2015:16:25:00 +0000] "GET /h2project/javax.faces.resource/css/main.css.faces HTTP/1.1" 304 0 
0:0:0:0:0:0:0:1 -  -  [10/May/2015:16:25:00 +0000] "GET /h2project/javax.faces.resource/jquery/jquery-plugins.js.faces?ln=primefaces&v=4.0 HTTP/1.1" 304 0 
0:0:0:0:0:0:0:1 -  -  [10/May/2015:16:25:00 +0000] "GET /h2project/javax.faces.resource/theme.css.faces?ln=primefaces-bootstrap HTTP/1.1" 304 0 
0:0:0:0:0:0:0:1 -  -  [10/May/2015:16:25:00 +0000] "GET /h2project/javax.faces.resource/primefaces.js.faces?ln=primefaces&v=4.0 HTTP/1.1" 304 0 
0:0:0:0:0:0:0:1 -  -  [10/May/2015:16:25:00 +0000] "GET /h2project/javax.faces.resource/js/main.js.faces HTTP/1.1" 304 0 
0:0:0:0:0:0:0:1 -  -  [10/May/2015:16:25:00 +0000] "GET /h2project/javax.faces.resource/primefaces.css.faces?ln=primefaces&v=4.0 HTTP/1.1" 304 0 
0:0:0:0:0:0:0:1 -  -  [10/May/2015:16:25:00 +0000] "GET /h2project/javax.faces.resource/jquery/jquery.js.faces?ln=primefaces&v=4.0 HTTP/1.1" 304 0 
0:0:0:0:0:0:0:1 -  -  [10/May/2015:16:25:00 +0000] "GET /h2project/javax.faces.resource/layout/layout.css.faces?ln=primefaces&v=4.0 HTTP/1.1" 304 0 
0:0:0:0:0:0:0:1 -  -  [10/May/2015:16:25:00 +0000] "GET /h2project/javax.faces.resource/js/primefaces-locale.js.faces HTTP/1.1" 304 0 
0:0:0:0:0:0:0:1 -  -  [10/May/2015:16:25:00 +0000] "GET /h2project/javax.faces.resource/layout/layout.js.faces?ln=primefaces&v=4.0 HTTP/1.1" 304 0 
0:0:0:0:0:0:0:1 -  -  [10/May/2015:16:25:00 +0000] "GET /h2project/javax.faces.resource/icons/ajaxloading.gif.faces HTTP/1.1" 304 0 
0:0:0:0:0:0:0:1 -  -  [10/May/2015:16:25:03 +0000] "POST /h2project/domain/bookSelect.faces HTTP/1.1" 200 145 
0:0:0:0:0:0:0:1 -  -  [10/May/2015:16:25:03 +0000] "GET /h2project/domain/bookEdit.faces?_cid=3c2 HTTP/1.1" 200 4035 
0:0:0:0:0:0:0:1 -  -  [10/May/2015:16:25:05 +0000] "GET /h2project/javax.faces.resource/css/main.css.faces HTTP/1.1" 304 0 
0:0:0:0:0:0:0:1 -  -  [10/May/2015:16:25:05 +0000] "GET /h2project/javax.faces.resource/jquery/jquery.js.faces?ln=primefaces&v=4.0 HTTP/1.1" 304 0 
0:0:0:0:0:0:0:1 -  -  [10/May/2015:16:25:05 +0000] "GET /h2project/javax.faces.resource/primefaces.js.faces?ln=primefaces&v=4.0 HTTP/1.1" 304 0 
0:0:0:0:0:0:0:1 -  -  [10/May/2015:16:25:05 +0000] "GET /h2project/javax.faces.resource/primefaces.css.faces?ln=primefaces&v=4.0 HTTP/1.1" 304 0 
0:0:0:0:0:0:0:1 -  -  [10/May/2015:16:25:05 +0000] "GET /h2project/javax.faces.resource/js/main.js.faces HTTP/1.1" 304 0 
0:0:0:0:0:0:0:1 -  -  [10/May/2015:16:25:05 +0000] "GET /h2project/javax.faces.resource/jquery/jquery-plugins.js.faces?ln=primefaces&v=4.0 HTTP/1.1" 304 0 
0:0:0:0:0:0:0:1 -  -  [10/May/2015:16:25:05 +0000] "GET /h2project/javax.faces.resource/theme.css.faces?ln=primefaces-bootstrap HTTP/1.1" 304 0 
0:0:0:0:0:0:0:1 -  -  [10/May/2015:16:25:05 +0000] "GET /h2project/javax.faces.resource/layout/layout.js.faces?ln=primefaces&v=4.0 HTTP/1.1" 304 0 
0:0:0:0:0:0:0:1 -  -  [10/May/2015:16:25:05 +0000] "GET /h2project/javax.faces.resource/layout/layout.css.faces?ln=primefaces&v=4.0 HTTP/1.1" 304 0 
0:0:0:0:0:0:0:1 -  -  [10/May/2015:16:25:05 +0000] "GET /h2project/javax.faces.resource/js/primefaces-locale.js.faces HTTP/1.1" 304 0 
0:0:0:0:0:0:0:1 -  -  [10/May/2015:16:25:05 +0000] "GET /h2project/javax.faces.resource/icons/add.png.faces HTTP/1.1" 200 733 
0:0:0:0:0:0:0:1 -  -  [10/May/2015:16:25:08 +0000] "POST /h2project/domain/bookEdit.faces HTTP/1.1" 200 463 
0:0:0:0:0:0:0:1 -  -  [10/May/2015:16:25:08 +0000] "POST /h2project/domain/bookEdit.faces HTTP/1.1" 200 190 
0:0:0:0:0:0:0:1 -  -  [10/May/2015:16:25:10 +0000] "POST /h2project/domain/bookEdit.faces HTTP/1.1" 302 0 
0:0:0:0:0:0:0:1 -  -  [10/May/2015:16:25:11 +0000] "GET /h2project/domain/bookSelect.faces?_cid=3c1 HTTP/1.1" 200 6141 
0:0:0:0:0:0:0:1 -  -  [10/May/2015:16:25:11 +0000] "GET /h2project/javax.faces.resource/theme.css.faces?ln=primefaces-bootstrap HTTP/1.1" 304 0 
0:0:0:0:0:0:0:1 -  -  [10/May/2015:16:25:11 +0000] "GET /h2project/javax.faces.resource/css/main.css.faces HTTP/1.1" 304 0 
0:0:0:0:0:0:0:1 -  -  [10/May/2015:16:25:11 +0000] "GET /h2project/javax.faces.resource/primefaces.css.faces?ln=primefaces&v=4.0 HTTP/1.1" 304 0 
0:0:0:0:0:0:0:1 -  -  [10/May/2015:16:25:11 +0000] "GET /h2project/javax.faces.resource/primefaces.js.faces?ln=primefaces&v=4.0 HTTP/1.1" 304 0 
0:0:0:0:0:0:0:1 -  -  [10/May/2015:16:25:11 +0000] "GET /h2project/javax.faces.resource/jquery/jquery-plugins.js.faces?ln=primefaces&v=4.0 HTTP/1.1" 304 0 
0:0:0:0:0:0:0:1 -  -  [10/May/2015:16:25:11 +0000] "GET /h2project/javax.faces.resource/jquery/jquery.js.faces?ln=primefaces&v=4.0 HTTP/1.1" 304 0 
0:0:0:0:0:0:0:1 -  -  [10/May/2015:16:25:11 +0000] "GET /h2project/javax.faces.resource/js/main.js.faces HTTP/1.1" 304 0 
0:0:0:0:0:0:0:1 -  -  [10/May/2015:16:25:11 +0000] "GET /h2project/javax.faces.resource/js/primefaces-locale.js.faces HTTP/1.1" 304 0 
0:0:0:0:0:0:0:1 -  -  [10/May/2015:16:25:11 +0000] "GET /h2project/javax.faces.resource/icons/ajaxloading.gif.faces HTTP/1.1" 304 0 
0:0:0:0:0:0:0:1 -  -  [10/May/2015:16:25:11 +0000] "GET /h2project/javax.faces.resource/layout/layout.js.faces?ln=primefaces&v=4.0 HTTP/1.1" 304 0 
0:0:0:0:0:0:0:1 -  -  [10/May/2015:16:25:11 +0000] "GET /h2project/javax.faces.resource/layout/layout.css.faces?ln=primefaces&v=4.0 HTTP/1.1" 304 0 
0:0:0:0:0:0:0:1 -  -  [10/May/2015:16:25:16 +0000] "POST /h2project/domain/bookSelect.faces HTTP/1.1" 200 145 
0:0:0:0:0:0:0:1 -  -  [10/May/2015:16:25:16 +0000] "GET /h2project/domain/bookEdit.faces?_cid=3c3 HTTP/1.1" 200 4037 
0:0:0:0:0:0:0:1 -  -  [10/May/2015:16:25:16 +0000] "GET /h2project/javax.faces.resource/css/main.css.faces HTTP/1.1" 304 0 
0:0:0:0:0:0:0:1 -  -  [10/May/2015:16:25:16 +0000] "GET /h2project/javax.faces.resource/layout/layout.css.faces?ln=primefaces&v=4.0 HTTP/1.1" 304 0 
0:0:0:0:0:0:0:1 -  -  [10/May/2015:16:25:16 +0000] "GET /h2project/javax.faces.resource/theme.css.faces?ln=primefaces-bootstrap HTTP/1.1" 304 0 
0:0:0:0:0:0:0:1 -  -  [10/May/2015:16:25:16 +0000] "GET /h2project/javax.faces.resource/primefaces.js.faces?ln=primefaces&v=4.0 HTTP/1.1" 304 0 
0:0:0:0:0:0:0:1 -  -  [10/May/2015:16:25:16 +0000] "GET /h2project/javax.faces.resource/jquery/jquery.js.faces?ln=primefaces&v=4.0 HTTP/1.1" 304 0 
0:0:0:0:0:0:0:1 -  -  [10/May/2015:16:25:16 +0000] "GET /h2project/javax.faces.resource/js/main.js.faces HTTP/1.1" 304 0 
0:0:0:0:0:0:0:1 -  -  [10/May/2015:16:25:16 +0000] "GET /h2project/javax.faces.resource/jquery/jquery-plugins.js.faces?ln=primefaces&v=4.0 HTTP/1.1" 304 0 
0:0:0:0:0:0:0:1 -  -  [10/May/2015:16:25:16 +0000] "GET /h2project/javax.faces.resource/primefaces.css.faces?ln=primefaces&v=4.0 HTTP/1.1" 304 0 
0:0:0:0:0:0:0:1 -  -  [10/May/2015:16:25:16 +0000] "GET /h2project/javax.faces.resource/js/primefaces-locale.js.faces HTTP/1.1" 304 0 
0:0:0:0:0:0:0:1 -  -  [10/May/2015:16:25:16 +0000] "GET /h2project/javax.faces.resource/layout/layout.js.faces?ln=primefaces&v=4.0 HTTP/1.1" 304 0 
0:0:0:0:0:0:0:1 -  -  [10/May/2015:16:25:21 +0000] "POST /h2project/domain/bookEdit.faces HTTP/1.1" 200 461 
0:0:0:0:0:0:0:1 -  -  [10/May/2015:16:25:21 +0000] "POST /h2project/domain/bookEdit.faces HTTP/1.1" 200 191 
0:0:0:0:0:0:0:1 -  -  [10/May/2015:16:25:23 +0000] "POST /h2project/domain/bookEdit.faces HTTP/1.1" 302 0 
0:0:0:0:0:0:0:1 -  -  [10/May/2015:16:25:23 +0000] "GET /h2project/domain/bookSelect.faces?_cid=3c1 HTTP/1.1" 200 6139 
0:0:0:0:0:0:0:1 -  -  [10/May/2015:16:25:24 +0000] "GET /h2project/javax.faces.resource/theme.css.faces?ln=primefaces-bootstrap HTTP/1.1" 304 0 
0:0:0:0:0:0:0:1 -  -  [10/May/2015:16:25:24 +0000] "GET /h2project/javax.faces.resource/css/main.css.faces HTTP/1.1" 304 0 
0:0:0:0:0:0:0:1 -  -  [10/May/2015:16:25:24 +0000] "GET /h2project/javax.faces.resource/layout/layout.js.faces?ln=primefaces&v=4.0 HTTP/1.1" 304 0 
0:0:0:0:0:0:0:1 -  -  [10/May/2015:16:25:24 +0000] "GET /h2project/javax.faces.resource/primefaces.js.faces?ln=primefaces&v=4.0 HTTP/1.1" 304 0 
0:0:0:0:0:0:0:1 -  -  [10/May/2015:16:25:24 +0000] "GET /h2project/javax.faces.resource/js/primefaces-locale.js.faces HTTP/1.1" 304 0 
0:0:0:0:0:0:0:1 -  -  [10/May/2015:16:25:24 +0000] "GET /h2project/javax.faces.resource/jquery/jquery-plugins.js.faces?ln=primefaces&v=4.0 HTTP/1.1" 304 0 
0:0:0:0:0:0:0:1 -  -  [10/May/2015:16:25:24 +0000] "GET /h2project/javax.faces.resource/primefaces.css.faces?ln=primefaces&v=4.0 HTTP/1.1" 304 0 
0:0:0:0:0:0:0:1 -  -  [10/May/2015:16:25:24 +0000] "GET /h2project/javax.faces.resource/js/main.js.faces HTTP/1.1" 304 0 
0:0:0:0:0:0:0:1 -  -  [10/May/2015:16:25:24 +0000] "GET /h2project/javax.faces.resource/layout/layout.css.faces?ln=primefaces&v=4.0 HTTP/1.1" 304 0 
0:0:0:0:0:0:0:1 -  -  [10/May/2015:16:25:24 +0000] "GET /h2project/javax.faces.resource/jquery/jquery.js.faces?ln=primefaces&v=4.0 HTTP/1.1" 304 0 
0:0:0:0:0:0:0:1 -  -  [10/May/2015:16:25:24 +0000] "GET /h2project/javax.faces.resource/icons/ajaxloading.gif.faces HTTP/1.1" 304 0 
0:0:0:0:0:0:0:1 -  -  [10/May/2015:16:26:00 +0000] "GET /h2project/monitoring HTTP/1.1" 200 16507 
0:0:0:0:0:0:0:1 -  -  [10/May/2015:16:26:02 +0000] "GET /h2project/monitoring?width=200&height=50&graph=usedConnections HTTP/1.1" 200 3591 
0:0:0:0:0:0:0:1 -  -  [10/May/2015:16:26:02 +0000] "GET /h2project/monitoring?width=200&height=50&graph=usedMemory HTTP/1.1" 200 3598 
0:0:0:0:0:0:0:1 -  -  [10/May/2015:16:26:02 +0000] "GET /h2project/monitoring?width=200&height=50&graph=activeConnections HTTP/1.1" 200 3673 
0:0:0:0:0:0:0:1 -  -  [10/May/2015:16:26:02 +0000] "GET /h2project/monitoring?width=200&height=50&graph=activeThreads HTTP/1.1" 200 3684 
0:0:0:0:0:0:0:1 -  -  [10/May/2015:16:26:02 +0000] "GET /h2project/monitoring?width=200&height=50&graph=cpu HTTP/1.1" 200 3456 
0:0:0:0:0:0:0:1 -  -  [10/May/2015:16:26:02 +0000] "GET /h2project/monitoring?width=200&height=50&graph=httpSessions HTTP/1.1" 200 3735 
0:0:0:0:0:0:0:1 -  -  [10/May/2015:16:26:02 +0000] "GET /h2project/monitoring?width=200&height=50&graph=httpHitsRate HTTP/1.1" 200 3606 
0:0:0:0:0:0:0:1 -  -  [10/May/2015:16:26:02 +0000] "GET /h2project/monitoring?width=200&height=50&graph=jsfSystemErrors HTTP/1.1" 200 3619 
0:0:0:0:0:0:0:1 -  -  [10/May/2015:16:26:02 +0000] "GET /h2project/monitoring?width=200&height=50&graph=jsfMeanTimes HTTP/1.1" 200 3795 
0:0:0:0:0:0:0:1 -  -  [10/May/2015:16:26:02 +0000] "GET /h2project/monitoring?width=200&height=50&graph=sqlHitsRate HTTP/1.1" 200 3405 
0:0:0:0:0:0:0:1 -  -  [10/May/2015:16:26:02 +0000] "GET /h2project/monitoring?width=200&height=50&graph=httpSystemErrors HTTP/1.1" 200 3374 
0:0:0:0:0:0:0:1 -  -  [10/May/2015:16:26:02 +0000] "GET /h2project/monitoring?width=200&height=50&graph=httpMeanTimes HTTP/1.1" 200 3863 
0:0:0:0:0:0:0:1 -  -  [10/May/2015:16:26:03 +0000] "GET /h2project/monitoring?width=200&height=50&graph=sqlSystemErrors HTTP/1.1" 200 3451 
0:0:0:0:0:0:0:1 -  -  [10/May/2015:16:26:03 +0000] "GET /h2project/monitoring?width=200&height=50&graph=gc HTTP/1.1" 200 3772 
0:0:0:0:0:0:0:1 -  -  [10/May/2015:16:26:03 +0000] "GET /h2project/monitoring?width=200&height=50&graph=threadCount HTTP/1.1" 200 3714 
0:0:0:0:0:0:0:1 -  -  [10/May/2015:16:26:02 +0000] "GET /h2project/monitoring?width=200&height=50&graph=jsfHitsRate HTTP/1.1" 200 3725 
0:0:0:0:0:0:0:1 -  -  [10/May/2015:16:26:03 +0000] "GET /h2project/monitoring?width=200&height=50&graph=sqlMeanTimes HTTP/1.1" 200 3793 
0:0:0:0:0:0:0:1 -  -  [10/May/2015:16:26:03 +0000] "GET /h2project/monitoring?width=200&height=50&graph=usedNonHeapMemory HTTP/1.1" 200 3784 
0:0:0:0:0:0:0:1 -  -  [10/May/2015:16:26:03 +0000] "GET /h2project/monitoring?width=200&height=50&graph=httpSessionsMeanAge HTTP/1.1" 200 3928 
0:0:0:0:0:0:0:1 -  -  [10/May/2015:16:26:03 +0000] "GET /h2project/monitoring?width=200&height=50&graph=transactionsRate HTTP/1.1" 200 3607 
0:0:0:0:0:0:0:1 -  -  [10/May/2015:16:26:03 +0000] "GET /h2project/monitoring?width=200&height=50&graph=loadedClassesCount HTTP/1.1" 200 3857 
0:0:0:0:0:0:0:1 -  -  [10/May/2015:16:26:03 +0000] "GET /h2project/monitoring?width=200&height=50&graph=jspHitsRate HTTP/1.1" 200 3480 
0:0:0:0:0:0:0:1 -  -  [10/May/2015:16:26:03 +0000] "GET /h2project/monitoring?width=200&height=50&graph=usedPhysicalMemorySize HTTP/1.1" 200 3918 
0:0:0:0:0:0:0:1 -  -  [10/May/2015:16:26:03 +0000] "GET /h2project/monitoring?width=200&height=50&graph=usedSwapSpaceSize HTTP/1.1" 200 3493 
0:0:0:0:0:0:0:1 -  -  [10/May/2015:16:26:03 +0000] "GET /h2project/monitoring?width=200&height=50&graph=jspMeanTimes HTTP/1.1" 200 3618 
0:0:0:0:0:0:0:1 -  -  [10/May/2015:16:26:03 +0000] "GET /h2project/monitoring?resource=bar/rb_1.gif HTTP/1.1" 200 118 
0:0:0:0:0:0:0:1 -  -  [10/May/2015:16:26:03 +0000] "GET /h2project/monitoring?width=200&height=50&graph=jspSystemErrors HTTP/1.1" 200 3552 
0:0:0:0:0:0:0:1 -  -  [10/May/2015:16:28:06 +0000] "GET /h2project/monitoring?part=jndi HTTP/1.1" 200 2280 
0:0:0:0:0:0:0:1 -  -  [10/May/2015:16:28:06 +0000] "GET /h2project/monitoring?resource=action_back.png HTTP/1.1" 200 398 
0:0:0:0:0:0:0:1 -  -  [10/May/2015:16:28:06 +0000] "GET /h2project/monitoring?resource=folder.png HTTP/1.1" 200 397 
0:0:0:0:0:0:0:1 -  -  [10/May/2015:16:28:06 +0000] "GET /h2project/monitoring?resource=action_home.png HTTP/1.1" 200 606 
0:0:0:0:0:0:0:1 -  -  [10/May/2015:16:28:09 +0000] "GET /h2project/monitoring?part=jndi&path=comp HTTP/1.1" 200 2342 
0:0:0:0:0:0:0:1 -  -  [10/May/2015:16:28:11 +0000] "GET /h2project/monitoring?part=jndi&path=comp/env HTTP/1.1" 200 2084 
0:0:0:0:0:0:0:1 -  -  [10/May/2015:16:28:21 +0000] "GET /h2project/monitoring?part=mbeans HTTP/1.1" 200 7224 
